<?xml version="1.0" encoding="UTF-8" ?>
<testsuite tests="1" failures="0" name="ch.lush.m254lb2spring.ProcessTest" time="0.003" errors="1" skipped="0">
  <properties>
[...]
</properties>
  <testcase classname="ch.lush.m254lb2spring.ProcessTest" name="testHappyPath" time="0.003">
    <error message="Failed to load ApplicationContext" type="java.lang.IllegalStateException">java.lang.IllegalStateException: Failed to load ApplicationContext
	at org.springframework.test.context.cache.DefaultCacheAwareContextLoaderDelegate.loadContext(DefaultCacheAwareContextLoaderDelegate.java:132)
	at org.springframework.test.context.support.DefaultTestContext.getApplicationContext(DefaultTestContext.java:124)
	at org.springframework.test.context.support.DependencyInjectionTestExecutionListener.injectDependencies(DependencyInjectionTestExecutionListener.java:118)
	at org.springframework.test.context.support.DependencyInjectionTestExecutionListener.prepareTestInstance(DependencyInjectionTestExecutionListener.java:83)
	at org.springframework.boot.test.autoconfigure.SpringBootDependencyInjectionTestExecutionListener.prepareTestInstance(SpringBootDependencyInjectionTestExecutionListener.java:43)
	at org.springframework.test.context.TestContextManager.prepareTestInstance(TestContextManager.java:244)
	at org.springframework.test.context.junit4.SpringJUnit4ClassRunner.createTest(SpringJUnit4ClassRunner.java:227)
	at org.springframework.test.context.junit4.SpringJUnit4ClassRunner$1.runReflectiveCall(SpringJUnit4ClassRunner.java:289)
	at org.junit.internal.runners.model.ReflectiveCallable.run(ReflectiveCallable.java:12)
	at org.springframework.test.context.junit4.SpringJUnit4ClassRunner.methodBlock(SpringJUnit4ClassRunner.java:291)
	at org.springframework.test.context.junit4.SpringJUnit4ClassRunner.runChild(SpringJUnit4ClassRunner.java:246)
	at org.springframework.test.context.junit4.SpringJUnit4ClassRunner.runChild(SpringJUnit4ClassRunner.java:97)
	at org.junit.runners.ParentRunner$4.run(ParentRunner.java:331)
	at org.junit.runners.ParentRunner$1.schedule(ParentRunner.java:79)
	at org.junit.runners.ParentRunner.runChildren(ParentRunner.java:329)
	at org.junit.runners.ParentRunner.access$100(ParentRunner.java:66)
	at org.junit.runners.ParentRunner$2.evaluate(ParentRunner.java:293)
	at org.springframework.test.context.junit4.statements.RunBeforeTestClassCallbacks.evaluate(RunBeforeTestClassCallbacks.java:61)
	at org.springframework.test.context.junit4.statements.RunAfterTestClassCallbacks.evaluate(RunAfterTestClassCallbacks.java:70)
	at org.junit.runners.ParentRunner$3.evaluate(ParentRunner.java:306)
	at org.junit.runners.ParentRunner.run(ParentRunner.java:413)
	at org.springframework.test.context.junit4.SpringJUnit4ClassRunner.run(SpringJUnit4ClassRunner.java:190)
	at org.apache.maven.surefire.junit4.JUnit4Provider.execute(JUnit4Provider.java:252)
	at org.apache.maven.surefire.junit4.JUnit4Provider.executeTestSet(JUnit4Provider.java:141)
	at org.apache.maven.surefire.junit4.JUnit4Provider.invoke(JUnit4Provider.java:112)
	at java.base/jdk.internal.reflect.NativeMethodAccessorImpl.invoke0(Native Method)
	at java.base/jdk.internal.reflect.NativeMethodAccessorImpl.invoke(NativeMethodAccessorImpl.java:62)
	at java.base/jdk.internal.reflect.DelegatingMethodAccessorImpl.invoke(DelegatingMethodAccessorImpl.java:43)
	at java.base/java.lang.reflect.Method.invoke(Method.java:566)
	at org.apache.maven.surefire.util.ReflectionUtils.invokeMethodWithArray(ReflectionUtils.java:189)
	at org.apache.maven.surefire.booter.ProviderFactory$ProviderProxy.invoke(ProviderFactory.java:165)
	at org.apache.maven.surefire.booter.ProviderFactory.invokeProvider(ProviderFactory.java:85)
	at org.apache.maven.surefire.booter.ForkedBooter.runSuitesInProcess(ForkedBooter.java:115)
	at org.apache.maven.surefire.booter.ForkedBooter.main(ForkedBooter.java:75)
Caused by: org.springframework.beans.factory.UnsatisfiedDependencyException: Error creating bean with name &apos;camundaBpmRestInitializer&apos; defined in class path resource [org/camunda/bpm/spring/boot/starter/rest/CamundaBpmRestJerseyAutoConfiguration.class]: Unsatisfied dependency expressed through method &apos;camundaBpmRestInitializer&apos; parameter 0; nested exception is org.springframework.beans.factory.NoSuchBeanDefinitionException: No qualifying bean of type &apos;org.springframework.boot.autoconfigure.web.servlet.JerseyApplicationPath&apos; available: expected at least 1 bean which qualifies as autowire candidate. Dependency annotations: {}
	at org.springframework.beans.factory.support.ConstructorResolver.createArgumentArray(ConstructorResolver.java:800)
	at org.springframework.beans.factory.support.ConstructorResolver.instantiateUsingFactoryMethod(ConstructorResolver.java:541)
	at org.springframework.beans.factory.support.AbstractAutowireCapableBeanFactory.instantiateUsingFactoryMethod(AbstractAutowireCapableBeanFactory.java:1334)
	at org.springframework.beans.factory.support.AbstractAutowireCapableBeanFactory.createBeanInstance(AbstractAutowireCapableBeanFactory.java:1177)
	at org.springframework.beans.factory.support.AbstractAutowireCapableBeanFactory.doCreateBean(AbstractAutowireCapableBeanFactory.java:564)
	at org.springframework.beans.factory.support.AbstractAutowireCapableBeanFactory.createBean(AbstractAutowireCapableBeanFactory.java:524)
	at org.springframework.beans.factory.support.AbstractBeanFactory.lambda$doGetBean$0(AbstractBeanFactory.java:335)
	at org.springframework.beans.factory.support.DefaultSingletonBeanRegistry.getSingleton(DefaultSingletonBeanRegistry.java:234)
	at org.springframework.beans.factory.support.AbstractBeanFactory.doGetBean(AbstractBeanFactory.java:333)
	at org.springframework.beans.factory.support.AbstractBeanFactory.getBean(AbstractBeanFactory.java:208)
	at org.springframework.beans.factory.support.DefaultListableBeanFactory.preInstantiateSingletons(DefaultListableBeanFactory.java:944)
	at org.springframework.context.support.AbstractApplicationContext.finishBeanFactoryInitialization(AbstractApplicationContext.java:918)
	at org.springframework.context.support.AbstractApplicationContext.refresh(AbstractApplicationContext.java:583)
	at org.springframework.boot.SpringApplication.refresh(SpringApplication.java:754)
	at org.springframework.boot.SpringApplication.refreshContext(SpringApplication.java:434)
	at org.springframework.boot.SpringApplication.run(SpringApplication.java:338)
	at org.springframework.boot.test.context.SpringBootContextLoader.loadContext(SpringBootContextLoader.java:123)
	at org.springframework.test.context.cache.DefaultCacheAwareContextLoaderDelegate.loadContextInternal(DefaultCacheAwareContextLoaderDelegate.java:99)
	at org.springframework.test.context.cache.DefaultCacheAwareContextLoaderDelegate.loadContext(DefaultCacheAwareContextLoaderDelegate.java:124)
	... 33 more
Caused by: org.springframework.beans.factory.NoSuchBeanDefinitionException: No qualifying bean of type &apos;org.springframework.boot.autoconfigure.web.servlet.JerseyApplicationPath&apos; available: expected at least 1 bean which qualifies as autowire candidate. Dependency annotations: {}
	at org.springframework.beans.factory.support.DefaultListableBeanFactory.raiseNoMatchingBeanFound(DefaultListableBeanFactory.java:1790)
	at org.springframework.beans.factory.support.DefaultListableBeanFactory.doResolveDependency(DefaultListableBeanFactory.java:1346)
	at org.springframework.beans.factory.support.DefaultListableBeanFactory.resolveDependency(DefaultListableBeanFactory.java:1300)
	at org.springframework.beans.factory.support.ConstructorResolver.resolveAutowiredArgument(ConstructorResolver.java:887)
	at org.springframework.beans.factory.support.ConstructorResolver.createArgumentArray(ConstructorResolver.java:791)
	... 51 more
</error>
    <system-out>11:23:42.726 [main] INFO  o.s.b.t.c.SpringBootTestContextBootstrapper - Neither @ContextConfiguration nor @ContextHierarchy found for test class [ch.lush.m254lb2spring.ProcessTest], using SpringBootContextLoader
11:23:42.728 [main] INFO  o.s.t.c.s.AbstractContextLoader - Could not detect default resource locations for test class [ch.lush.m254lb2spring.ProcessTest]: no resource found for suffixes {-context.xml, Context.groovy}.
11:23:42.728 [main] INFO  o.s.t.c.s.AnnotationConfigContextLoaderUtils - Could not detect default configuration classes for test class [ch.lush.m254lb2spring.ProcessTest]: ProcessTest does not declare any static, non-private, non-final, nested classes annotated with @Configuration.
11:23:42.731 [main] INFO  o.s.b.t.c.SpringBootTestContextBootstrapper - Found @SpringBootConfiguration ch.lush.m254lb2spring.CamundaApplication for test class ch.lush.m254lb2spring.ProcessTest
11:23:42.734 [main] INFO  o.s.b.t.c.SpringBootTestContextBootstrapper - Loaded default TestExecutionListener class names from location [META-INF/spring.factories]: [org.springframework.boot.test.mock.mockito.MockitoTestExecutionListener, org.springframework.boot.test.mock.mockito.ResetMocksTestExecutionListener, org.springframework.boot.test.autoconfigure.restdocs.RestDocsTestExecutionListener, org.springframework.boot.test.autoconfigure.web.client.MockRestServiceServerResetTestExecutionListener, org.springframework.boot.test.autoconfigure.web.servlet.MockMvcPrintOnlyOnFailureTestExecutionListener, org.springframework.boot.test.autoconfigure.web.servlet.WebDriverTestExecutionListener, org.springframework.boot.test.autoconfigure.webservices.client.MockWebServiceServerTestExecutionListener, org.springframework.test.context.web.ServletTestExecutionListener, org.springframework.test.context.support.DirtiesContextBeforeModesTestExecutionListener, org.springframework.test.context.event.ApplicationEventsTestExecutionListener, org.springframework.test.context.support.DependencyInjectionTestExecutionListener, org.springframework.test.context.support.DirtiesContextTestExecutionListener, org.springframework.test.context.transaction.TransactionalTestExecutionListener, org.springframework.test.context.jdbc.SqlScriptsTestExecutionListener, org.springframework.test.context.event.EventPublishingTestExecutionListener]
11:23:42.734 [main] INFO  o.s.b.t.c.SpringBootTestContextBootstrapper - Using TestExecutionListeners: [org.springframework.test.context.web.ServletTestExecutionListener@18cb4ed1, org.springframework.test.context.support.DirtiesContextBeforeModesTestExecutionListener@10abd94f, org.springframework.test.context.event.ApplicationEventsTestExecutionListener@47bfde21, org.springframework.boot.test.mock.mockito.MockitoTestExecutionListener@628f0936, org.springframework.boot.test.autoconfigure.SpringBootDependencyInjectionTestExecutionListener@20706e70, org.springframework.test.context.support.DirtiesContextTestExecutionListener@6e5fba90, org.springframework.test.context.transaction.TransactionalTestExecutionListener@57283fac, org.springframework.test.context.jdbc.SqlScriptsTestExecutionListener@4d745ac6, org.springframework.test.context.event.EventPublishingTestExecutionListener@6e54bef6, org.springframework.boot.test.mock.mockito.ResetMocksTestExecutionListener@7dcc0296, org.springframework.boot.test.autoconfigure.restdocs.RestDocsTestExecutionListener@6b8f87dc, org.springframework.boot.test.autoconfigure.web.client.MockRestServiceServerResetTestExecutionListener@4c25201, org.springframework.boot.test.autoconfigure.web.servlet.MockMvcPrintOnlyOnFailureTestExecutionListener@4faaff61, org.springframework.boot.test.autoconfigure.web.servlet.WebDriverTestExecutionListener@526f8cb0, org.springframework.boot.test.autoconfigure.webservices.client.MockWebServiceServerTestExecutionListener@45494046]

 ____                                 _         ____  _       _    __                      
/ ___| __ _ _ __ ___  _   _ _ __   __| | __ _  |  _ \| | __ _| |_ / _| ___  _ __ _ __ ___  
| |   / _` | &apos;_ ` _ \| | | | &apos;_ \ / _` |/ _` | | |_) | |/ _` | __| |_ / _ \| &apos;__| &apos;_ ` _ \ 
| |__| (_| | | | | | | |_| | | | | (_| | (_| | |  __/| | (_| | |_|  _| (_) | |  | | | | | |
\____/\__,_|_| |_| |_|\__,_|_| |_|\__,_|\__,_| |_|   |_|\__,_|\__|_|  \___/|_|  |_| |_| |_|

  Spring-Boot:  (v2.5.4)
  Camunda Platform: (v7.16.0)
  Camunda Platform Spring Boot Starter: (v7.16.0)

11:23:42.777 [main] INFO  ch.lush.m254lb2spring.ProcessTest - Starting ProcessTest using Java 11.0.13 on NBPLGU02 with PID 21296 (started by LGU in C:\projects\tbz\m254-lb2-spring)
11:23:42.777 [main] DEBUG ch.lush.m254lb2spring.ProcessTest - Running with Spring Boot v2.5.4, Spring v5.3.9
11:23:42.778 [main] INFO  ch.lush.m254lb2spring.ProcessTest - No active profile set, falling back to default profiles: default
11:23:43.105 [main] DEBUG com.zaxxer.hikari.HikariConfig - Driver class org.h2.Driver found in Thread context class loader jdk.internal.loader.ClassLoaders$AppClassLoader@30946e09
11:23:43.206 [main] INFO  org.camunda.bpm.engine.cfg - ENGINE-12003 Plugin &apos;CompositeProcessEnginePlugin[genericPropertiesConfiguration, camundaProcessEngineConfiguration, camundaDatasourceConfiguration, camundaHistoryConfiguration, camundaMetricsConfiguration, camundaAuthorizationConfiguration, failedJobConfiguration, disableDeploymentResourcePattern, eventPublisherPlugin, ApplicationContextClassloaderSwitchPlugin, ConnectProcessEnginePlugin, SpringBootSpinProcessEnginePlugin]&apos; activated on process engine &apos;default&apos;
11:23:43.206 [main] INFO  org.camunda.bpm.spring.boot - STARTER-SB020 ProcessApplication enabled: autoDeployment via springConfiguration#deploymentResourcePattern is disabled
11:23:43.206 [main] INFO  o.c.b.s.b.s.e.EventPublisherPlugin - EVENTING-001: Initialized Camunda Spring Boot Eventing Engine Plugin.
11:23:43.206 [main] INFO  o.c.b.s.b.s.e.EventPublisherPlugin - EVENTING-003: Task events will be published as Spring Events.
11:23:43.206 [main] INFO  o.c.b.s.b.s.e.EventPublisherPlugin - EVENTING-005: Execution events will be published as Spring Events.
11:23:43.206 [main] INFO  o.c.b.s.b.s.e.EventPublisherPlugin - EVENTING-007: History events will be published as Spring events.
11:23:43.208 [main] INFO  org.camunda.bpm.connect - CNCT-01004 Discovered provider for connector id &apos;http-connector&apos; and class &apos;org.camunda.connect.httpclient.impl.HttpConnectorImpl&apos;: &apos;org.camunda.connect.httpclient.impl.HttpConnectorProviderImpl&apos;
11:23:43.208 [main] INFO  org.camunda.bpm.connect - CNCT-01004 Discovered provider for connector id &apos;soap-http-connector&apos; and class &apos;org.camunda.connect.httpclient.soap.impl.SoapHttpConnectorImpl&apos;: &apos;org.camunda.connect.httpclient.soap.impl.SoapHttpConnectorProviderImpl&apos;
11:23:43.210 [main] INFO  org.camunda.spin - SPIN-01010 Discovered Spin data format provider: org.camunda.spin.impl.json.jackson.format.JacksonJsonDataFormatProvider[name = application/json]
11:23:43.211 [main] INFO  org.camunda.spin - SPIN-01010 Discovered Spin data format provider: org.camunda.spin.impl.xml.dom.format.DomXmlDataFormatProvider[name = application/xml]
11:23:43.213 [main] INFO  org.camunda.spin - SPIN-01009 Discovered Spin data format: org.camunda.spin.impl.xml.dom.format.DomXmlDataFormat[name = application/xml]
11:23:43.213 [main] INFO  org.camunda.spin - SPIN-01009 Discovered Spin data format: org.camunda.spin.impl.json.jackson.format.JacksonJsonDataFormat[name = application/json]
11:23:43.215 [main] INFO  org.camunda.bpm.dmn.feel.scala - FEEL/SCALA-01001 Spin value mapper detected
11:23:43.215 [main] INFO  org.camunda.feel.FeelEngine - Engine created. [value-mapper: CompositeValueMapper(List(org.camunda.feel.impl.JavaValueMapper@49741e80, org.camunda.spin.plugin.impl.feel.integration.SpinValueMapper@414d466e)), function-provider: org.camunda.bpm.dmn.feel.impl.scala.function.CustomFunctionTransformer@39acf187, clock: SystemClock, configuration: Configuration(false)]
11:23:43.218 [main] DEBUG com.zaxxer.hikari.HikariConfig - HikariPool-3 - configuration:
11:23:43.219 [main] DEBUG com.zaxxer.hikari.HikariConfig - allowPoolSuspension................................false
11:23:43.219 [main] DEBUG com.zaxxer.hikari.HikariConfig - autoCommit................................true
11:23:43.219 [main] DEBUG com.zaxxer.hikari.HikariConfig - catalog................................none
11:23:43.219 [main] DEBUG com.zaxxer.hikari.HikariConfig - connectionInitSql................................none
11:23:43.219 [main] DEBUG com.zaxxer.hikari.HikariConfig - connectionTestQuery................................none
11:23:43.219 [main] DEBUG com.zaxxer.hikari.HikariConfig - connectionTimeout................................30000
11:23:43.219 [main] DEBUG com.zaxxer.hikari.HikariConfig - dataSource................................none
11:23:43.220 [main] DEBUG com.zaxxer.hikari.HikariConfig - dataSourceClassName................................none
11:23:43.220 [main] DEBUG com.zaxxer.hikari.HikariConfig - dataSourceJNDI................................none
11:23:43.220 [main] DEBUG com.zaxxer.hikari.HikariConfig - dataSourceProperties................................{password=&lt;masked&gt;}
11:23:43.220 [main] DEBUG com.zaxxer.hikari.HikariConfig - driverClassName................................&quot;org.h2.Driver&quot;
11:23:43.220 [main] DEBUG com.zaxxer.hikari.HikariConfig - exceptionOverrideClassName................................none
11:23:43.220 [main] DEBUG com.zaxxer.hikari.HikariConfig - healthCheckProperties................................{}
11:23:43.220 [main] DEBUG com.zaxxer.hikari.HikariConfig - healthCheckRegistry................................none
11:23:43.221 [main] DEBUG com.zaxxer.hikari.HikariConfig - idleTimeout................................600000
11:23:43.221 [main] DEBUG com.zaxxer.hikari.HikariConfig - initializationFailTimeout................................1
11:23:43.221 [main] DEBUG com.zaxxer.hikari.HikariConfig - isolateInternalQueries................................false
11:23:43.221 [main] DEBUG com.zaxxer.hikari.HikariConfig - jdbcUrl................................jdbc:h2:mem:camunda-spring-boot-test;DB_CLOSE_ON_EXIT=false
11:23:43.221 [main] DEBUG com.zaxxer.hikari.HikariConfig - keepaliveTime................................0
11:23:43.222 [main] DEBUG com.zaxxer.hikari.HikariConfig - leakDetectionThreshold................................0
11:23:43.222 [main] DEBUG com.zaxxer.hikari.HikariConfig - maxLifetime................................1800000
11:23:43.222 [main] DEBUG com.zaxxer.hikari.HikariConfig - maximumPoolSize................................10
11:23:43.222 [main] DEBUG com.zaxxer.hikari.HikariConfig - metricRegistry................................none
11:23:43.222 [main] DEBUG com.zaxxer.hikari.HikariConfig - metricsTrackerFactory................................none
11:23:43.222 [main] DEBUG com.zaxxer.hikari.HikariConfig - minimumIdle................................10
11:23:43.222 [main] DEBUG com.zaxxer.hikari.HikariConfig - password................................&lt;masked&gt;
11:23:43.222 [main] DEBUG com.zaxxer.hikari.HikariConfig - poolName................................&quot;HikariPool-3&quot;
11:23:43.223 [main] DEBUG com.zaxxer.hikari.HikariConfig - readOnly................................false
11:23:43.223 [main] DEBUG com.zaxxer.hikari.HikariConfig - registerMbeans................................false
11:23:43.223 [main] DEBUG com.zaxxer.hikari.HikariConfig - scheduledExecutor................................none
11:23:43.223 [main] DEBUG com.zaxxer.hikari.HikariConfig - schema................................none
11:23:43.223 [main] DEBUG com.zaxxer.hikari.HikariConfig - threadFactory................................internal
11:23:43.223 [main] DEBUG com.zaxxer.hikari.HikariConfig - transactionIsolation................................default
11:23:43.223 [main] DEBUG com.zaxxer.hikari.HikariConfig - username................................&quot;sa&quot;
11:23:43.224 [main] DEBUG com.zaxxer.hikari.HikariConfig - validationTimeout................................5000
11:23:43.224 [main] INFO  com.zaxxer.hikari.HikariDataSource - HikariPool-3 - Starting...
11:23:43.226 [main] DEBUG com.zaxxer.hikari.pool.HikariPool - HikariPool-3 - Added connection conn20: url=jdbc:h2:mem:camunda-spring-boot-test user=SA
11:23:43.226 [main] INFO  com.zaxxer.hikari.HikariDataSource - HikariPool-3 - Start completed.
11:23:43.327 [HikariPool-3 housekeeper] DEBUG com.zaxxer.hikari.pool.HikariPool - HikariPool-3 - Pool stats (total=1, active=0, idle=1, waiting=0)
11:23:43.330 [HikariPool-3 connection adder] DEBUG com.zaxxer.hikari.pool.HikariPool - HikariPool-3 - Added connection conn21: url=jdbc:h2:mem:camunda-spring-boot-test user=SA
11:23:43.330 [HikariPool-3 connection adder] DEBUG com.zaxxer.hikari.pool.HikariPool - HikariPool-3 - Added connection conn22: url=jdbc:h2:mem:camunda-spring-boot-test user=SA
11:23:43.331 [HikariPool-3 connection adder] DEBUG com.zaxxer.hikari.pool.HikariPool - HikariPool-3 - Added connection conn23: url=jdbc:h2:mem:camunda-spring-boot-test user=SA
11:23:43.332 [HikariPool-3 connection adder] DEBUG com.zaxxer.hikari.pool.HikariPool - HikariPool-3 - Added connection conn24: url=jdbc:h2:mem:camunda-spring-boot-test user=SA
11:23:43.333 [HikariPool-3 connection adder] DEBUG com.zaxxer.hikari.pool.HikariPool - HikariPool-3 - Added connection conn25: url=jdbc:h2:mem:camunda-spring-boot-test user=SA
11:23:43.333 [HikariPool-3 connection adder] DEBUG com.zaxxer.hikari.pool.HikariPool - HikariPool-3 - Added connection conn26: url=jdbc:h2:mem:camunda-spring-boot-test user=SA
11:23:43.334 [HikariPool-3 connection adder] DEBUG com.zaxxer.hikari.pool.HikariPool - HikariPool-3 - Added connection conn27: url=jdbc:h2:mem:camunda-spring-boot-test user=SA
11:23:43.334 [HikariPool-3 connection adder] DEBUG com.zaxxer.hikari.pool.HikariPool - HikariPool-3 - Added connection conn28: url=jdbc:h2:mem:camunda-spring-boot-test user=SA
11:23:43.335 [HikariPool-3 connection adder] DEBUG com.zaxxer.hikari.pool.HikariPool - HikariPool-3 - Added connection conn29: url=jdbc:h2:mem:camunda-spring-boot-test user=SA
11:23:43.335 [HikariPool-3 connection adder] DEBUG com.zaxxer.hikari.pool.HikariPool - HikariPool-3 - After adding stats (total=10, active=0, idle=10, waiting=0)
11:23:45.024 [main] INFO  org.camunda.bpm.engine.persistence - ENGINE-03016 Performing database operation &apos;create&apos; on component &apos;engine&apos; with resource &apos;org/camunda/bpm/engine/db/create/activiti.h2.create.engine.sql&apos;
11:23:45.054 [main] INFO  org.camunda.bpm.engine.persistence - ENGINE-03016 Performing database operation &apos;create&apos; on component &apos;history&apos; with resource &apos;org/camunda/bpm/engine/db/create/activiti.h2.create.history.sql&apos;
11:23:45.064 [main] INFO  org.camunda.bpm.engine.persistence - ENGINE-03016 Performing database operation &apos;create&apos; on component &apos;identity&apos; with resource &apos;org/camunda/bpm/engine/db/create/activiti.h2.create.identity.sql&apos;
11:23:45.079 [main] INFO  org.camunda.bpm.engine.persistence - ENGINE-03016 Performing database operation &apos;create&apos; on component &apos;case.engine&apos; with resource &apos;org/camunda/bpm/engine/db/create/activiti.h2.create.case.engine.sql&apos;
11:23:45.083 [main] INFO  org.camunda.bpm.engine.persistence - ENGINE-03016 Performing database operation &apos;create&apos; on component &apos;case.history&apos; with resource &apos;org/camunda/bpm/engine/db/create/activiti.h2.create.case.history.sql&apos;
11:23:45.088 [main] INFO  org.camunda.bpm.engine.persistence - ENGINE-03016 Performing database operation &apos;create&apos; on component &apos;decision.engine&apos; with resource &apos;org/camunda/bpm/engine/db/create/activiti.h2.create.decision.engine.sql&apos;
11:23:45.099 [main] INFO  org.camunda.bpm.engine.persistence - ENGINE-03016 Performing database operation &apos;create&apos; on component &apos;decision.history&apos; with resource &apos;org/camunda/bpm/engine/db/create/activiti.h2.create.decision.history.sql&apos;
11:23:45.101 [main] INFO  org.camunda.bpm.engine.persistence - ENGINE-03067 No history level property found in database
11:23:45.102 [main] INFO  org.camunda.bpm.engine.persistence - ENGINE-03065 Creating historyLevel property in database for level: HistoryLevelFull(name=full, id=3)
11:23:45.135 [main] INFO  org.camunda.bpm.engine - ENGINE-00001 Process Engine default created.
11:23:45.256 [main] INFO  o.c.b.s.b.s.r.CamundaJerseyResourceConfig - Configuring camunda rest api.
11:23:45.257 [main] INFO  o.c.b.s.b.s.r.CamundaJerseyResourceConfig - Finished configuring camunda rest api.
11:23:45.261 [main] WARN  o.s.c.a.AnnotationConfigApplicationContext - Exception encountered during context initialization - cancelling refresh attempt: org.springframework.beans.factory.UnsatisfiedDependencyException: Error creating bean with name &apos;camundaBpmRestInitializer&apos; defined in class path resource [org/camunda/bpm/spring/boot/starter/rest/CamundaBpmRestJerseyAutoConfiguration.class]: Unsatisfied dependency expressed through method &apos;camundaBpmRestInitializer&apos; parameter 0; nested exception is org.springframework.beans.factory.NoSuchBeanDefinitionException: No qualifying bean of type &apos;org.springframework.boot.autoconfigure.web.servlet.JerseyApplicationPath&apos; available: expected at least 1 bean which qualifies as autowire candidate. Dependency annotations: {}
11:23:45.273 [main] INFO  org.camunda.bpm.engine - ENGINE-00007 Process Engine default closed
11:23:45.273 [main] INFO  com.zaxxer.hikari.HikariDataSource - HikariPool-3 - Shutdown initiated...
11:23:45.273 [main] DEBUG com.zaxxer.hikari.pool.HikariPool - HikariPool-3 - Before shutdown stats (total=10, active=0, idle=10, waiting=0)
11:23:45.274 [HikariPool-3 connection closer] DEBUG com.zaxxer.hikari.pool.PoolBase - HikariPool-3 - Closing connection conn20: url=jdbc:h2:mem:camunda-spring-boot-test user=SA: (connection evicted)
11:23:45.275 [HikariPool-3 connection closer] DEBUG com.zaxxer.hikari.pool.PoolBase - HikariPool-3 - Closing connection conn21: url=jdbc:h2:mem:camunda-spring-boot-test user=SA: (connection evicted)
11:23:45.275 [HikariPool-3 connection closer] DEBUG com.zaxxer.hikari.pool.PoolBase - HikariPool-3 - Closing connection conn22: url=jdbc:h2:mem:camunda-spring-boot-test user=SA: (connection evicted)
11:23:45.276 [HikariPool-3 connection closer] DEBUG com.zaxxer.hikari.pool.PoolBase - HikariPool-3 - Closing connection conn23: url=jdbc:h2:mem:camunda-spring-boot-test user=SA: (connection evicted)
11:23:45.276 [HikariPool-3 connection closer] DEBUG com.zaxxer.hikari.pool.PoolBase - HikariPool-3 - Closing connection conn24: url=jdbc:h2:mem:camunda-spring-boot-test user=SA: (connection evicted)
11:23:45.276 [HikariPool-3 connection closer] DEBUG com.zaxxer.hikari.pool.PoolBase - HikariPool-3 - Closing connection conn25: url=jdbc:h2:mem:camunda-spring-boot-test user=SA: (connection evicted)
11:23:45.277 [HikariPool-3 connection closer] DEBUG com.zaxxer.hikari.pool.PoolBase - HikariPool-3 - Closing connection conn26: url=jdbc:h2:mem:camunda-spring-boot-test user=SA: (connection evicted)
11:23:45.277 [HikariPool-3 connection closer] DEBUG com.zaxxer.hikari.pool.PoolBase - HikariPool-3 - Closing connection conn27: url=jdbc:h2:mem:camunda-spring-boot-test user=SA: (connection evicted)
11:23:45.277 [HikariPool-3 connection closer] DEBUG com.zaxxer.hikari.pool.PoolBase - HikariPool-3 - Closing connection conn28: url=jdbc:h2:mem:camunda-spring-boot-test user=SA: (connection evicted)
11:23:45.277 [HikariPool-3 connection closer] DEBUG com.zaxxer.hikari.pool.PoolBase - HikariPool-3 - Closing connection conn29: url=jdbc:h2:mem:camunda-spring-boot-test user=SA: (connection evicted)
11:23:45.278 [main] DEBUG com.zaxxer.hikari.pool.HikariPool - HikariPool-3 - After shutdown stats (total=0, active=0, idle=0, waiting=0)
11:23:45.278 [main] INFO  com.zaxxer.hikari.HikariDataSource - HikariPool-3 - Shutdown completed.
11:23:45.284 [main] INFO  o.s.b.a.l.ConditionEvaluationReportLoggingListener - 

Error starting ApplicationContext. To display the conditions report re-run your application with &apos;debug&apos; enabled.
11:23:45.287 [main] ERROR o.s.b.d.LoggingFailureAnalysisReporter - 

***************************
APPLICATION FAILED TO START
***************************

Description:

Parameter 0 of method camundaBpmRestInitializer in org.camunda.bpm.spring.boot.starter.rest.CamundaBpmRestJerseyAutoConfiguration required a bean of type &apos;org.springframework.boot.autoconfigure.web.servlet.JerseyApplicationPath&apos; that could not be found.


Action:

Consider defining a bean of type &apos;org.springframework.boot.autoconfigure.web.servlet.JerseyApplicationPath&apos; in your configuration.


 ____                                 _         ____  _       _    __                      
/ ___| __ _ _ __ ___  _   _ _ __   __| | __ _  |  _ \| | __ _| |_ / _| ___  _ __ _ __ ___  
| |   / _` | &apos;_ ` _ \| | | | &apos;_ \ / _` |/ _` | | |_) | |/ _` | __| |_ / _ \| &apos;__| &apos;_ ` _ \ 
| |__| (_| | | | | | | |_| | | | | (_| | (_| | |  __/| | (_| | |_|  _| (_) | |  | | | | | |
\____/\__,_|_| |_| |_|\__,_|_| |_|\__,_|\__,_| |_|   |_|\__,_|\__|_|  \___/|_|  |_| |_| |_|

  Spring-Boot:  (v2.5.4)
  Camunda Platform: (v7.16.0)
  Camunda Platform Spring Boot Starter: (v7.16.0)

11:23:45.336 [main] INFO  ch.lush.m254lb2spring.ProcessTest - Starting ProcessTest using Java 11.0.13 on NBPLGU02 with PID 21296 (started by LGU in C:\projects\tbz\m254-lb2-spring)
11:23:45.336 [main] DEBUG ch.lush.m254lb2spring.ProcessTest - Running with Spring Boot v2.5.4, Spring v5.3.9
11:23:45.336 [main] INFO  ch.lush.m254lb2spring.ProcessTest - No active profile set, falling back to default profiles: default
11:23:45.630 [main] DEBUG com.zaxxer.hikari.HikariConfig - Driver class org.h2.Driver found in Thread context class loader jdk.internal.loader.ClassLoaders$AppClassLoader@30946e09
11:23:45.729 [main] INFO  org.camunda.bpm.engine.cfg - ENGINE-12003 Plugin &apos;CompositeProcessEnginePlugin[genericPropertiesConfiguration, camundaProcessEngineConfiguration, camundaDatasourceConfiguration, camundaHistoryConfiguration, camundaMetricsConfiguration, camundaAuthorizationConfiguration, failedJobConfiguration, disableDeploymentResourcePattern, eventPublisherPlugin, ApplicationContextClassloaderSwitchPlugin, ConnectProcessEnginePlugin, SpringBootSpinProcessEnginePlugin]&apos; activated on process engine &apos;default&apos;
11:23:45.729 [main] INFO  org.camunda.bpm.spring.boot - STARTER-SB020 ProcessApplication enabled: autoDeployment via springConfiguration#deploymentResourcePattern is disabled
11:23:45.730 [main] INFO  o.c.b.s.b.s.e.EventPublisherPlugin - EVENTING-001: Initialized Camunda Spring Boot Eventing Engine Plugin.
11:23:45.730 [main] INFO  o.c.b.s.b.s.e.EventPublisherPlugin - EVENTING-003: Task events will be published as Spring Events.
11:23:45.730 [main] INFO  o.c.b.s.b.s.e.EventPublisherPlugin - EVENTING-005: Execution events will be published as Spring Events.
11:23:45.730 [main] INFO  o.c.b.s.b.s.e.EventPublisherPlugin - EVENTING-007: History events will be published as Spring events.
11:23:45.732 [main] INFO  org.camunda.bpm.connect - CNCT-01004 Discovered provider for connector id &apos;http-connector&apos; and class &apos;org.camunda.connect.httpclient.impl.HttpConnectorImpl&apos;: &apos;org.camunda.connect.httpclient.impl.HttpConnectorProviderImpl&apos;
11:23:45.733 [main] INFO  org.camunda.bpm.connect - CNCT-01004 Discovered provider for connector id &apos;soap-http-connector&apos; and class &apos;org.camunda.connect.httpclient.soap.impl.SoapHttpConnectorImpl&apos;: &apos;org.camunda.connect.httpclient.soap.impl.SoapHttpConnectorProviderImpl&apos;
11:23:45.734 [main] INFO  org.camunda.spin - SPIN-01010 Discovered Spin data format provider: org.camunda.spin.impl.json.jackson.format.JacksonJsonDataFormatProvider[name = application/json]
11:23:45.735 [main] INFO  org.camunda.spin - SPIN-01010 Discovered Spin data format provider: org.camunda.spin.impl.xml.dom.format.DomXmlDataFormatProvider[name = application/xml]
11:23:45.736 [main] INFO  org.camunda.spin - SPIN-01009 Discovered Spin data format: org.camunda.spin.impl.xml.dom.format.DomXmlDataFormat[name = application/xml]
11:23:45.736 [main] INFO  org.camunda.spin - SPIN-01009 Discovered Spin data format: org.camunda.spin.impl.json.jackson.format.JacksonJsonDataFormat[name = application/json]
11:23:45.738 [main] INFO  org.camunda.bpm.dmn.feel.scala - FEEL/SCALA-01001 Spin value mapper detected
11:23:45.738 [main] INFO  org.camunda.feel.FeelEngine - Engine created. [value-mapper: CompositeValueMapper(List(org.camunda.feel.impl.JavaValueMapper@1a82453, org.camunda.spin.plugin.impl.feel.integration.SpinValueMapper@3df54fd5)), function-provider: org.camunda.bpm.dmn.feel.impl.scala.function.CustomFunctionTransformer@5ff8d76f, clock: SystemClock, configuration: Configuration(false)]
11:23:45.741 [main] DEBUG com.zaxxer.hikari.HikariConfig - HikariPool-4 - configuration:
11:23:45.742 [main] DEBUG com.zaxxer.hikari.HikariConfig - allowPoolSuspension................................false
11:23:45.742 [main] DEBUG com.zaxxer.hikari.HikariConfig - autoCommit................................true
11:23:45.742 [main] DEBUG com.zaxxer.hikari.HikariConfig - catalog................................none
11:23:45.742 [main] DEBUG com.zaxxer.hikari.HikariConfig - connectionInitSql................................none
11:23:45.742 [main] DEBUG com.zaxxer.hikari.HikariConfig - connectionTestQuery................................none
11:23:45.742 [main] DEBUG com.zaxxer.hikari.HikariConfig - connectionTimeout................................30000
11:23:45.742 [main] DEBUG com.zaxxer.hikari.HikariConfig - dataSource................................none
11:23:45.742 [main] DEBUG com.zaxxer.hikari.HikariConfig - dataSourceClassName................................none
11:23:45.742 [main] DEBUG com.zaxxer.hikari.HikariConfig - dataSourceJNDI................................none
11:23:45.742 [main] DEBUG com.zaxxer.hikari.HikariConfig - dataSourceProperties................................{password=&lt;masked&gt;}
11:23:45.743 [main] DEBUG com.zaxxer.hikari.HikariConfig - driverClassName................................&quot;org.h2.Driver&quot;
11:23:45.743 [main] DEBUG com.zaxxer.hikari.HikariConfig - exceptionOverrideClassName................................none
11:23:45.743 [main] DEBUG com.zaxxer.hikari.HikariConfig - healthCheckProperties................................{}
11:23:45.743 [main] DEBUG com.zaxxer.hikari.HikariConfig - healthCheckRegistry................................none
11:23:45.743 [main] DEBUG com.zaxxer.hikari.HikariConfig - idleTimeout................................600000
11:23:45.743 [main] DEBUG com.zaxxer.hikari.HikariConfig - initializationFailTimeout................................1
11:23:45.743 [main] DEBUG com.zaxxer.hikari.HikariConfig - isolateInternalQueries................................false
11:23:45.743 [main] DEBUG com.zaxxer.hikari.HikariConfig - jdbcUrl................................jdbc:h2:mem:camunda-spring-boot-test;DB_CLOSE_ON_EXIT=false
11:23:45.743 [main] DEBUG com.zaxxer.hikari.HikariConfig - keepaliveTime................................0
11:23:45.743 [main] DEBUG com.zaxxer.hikari.HikariConfig - leakDetectionThreshold................................0
11:23:45.743 [main] DEBUG com.zaxxer.hikari.HikariConfig - maxLifetime................................1800000
11:23:45.743 [main] DEBUG com.zaxxer.hikari.HikariConfig - maximumPoolSize................................10
11:23:45.743 [main] DEBUG com.zaxxer.hikari.HikariConfig - metricRegistry................................none
11:23:45.744 [main] DEBUG com.zaxxer.hikari.HikariConfig - metricsTrackerFactory................................none
11:23:45.744 [main] DEBUG com.zaxxer.hikari.HikariConfig - minimumIdle................................10
11:23:45.744 [main] DEBUG com.zaxxer.hikari.HikariConfig - password................................&lt;masked&gt;
11:23:45.744 [main] DEBUG com.zaxxer.hikari.HikariConfig - poolName................................&quot;HikariPool-4&quot;
11:23:45.744 [main] DEBUG com.zaxxer.hikari.HikariConfig - readOnly................................false
11:23:45.744 [main] DEBUG com.zaxxer.hikari.HikariConfig - registerMbeans................................false
11:23:45.744 [main] DEBUG com.zaxxer.hikari.HikariConfig - scheduledExecutor................................none
11:23:45.744 [main] DEBUG com.zaxxer.hikari.HikariConfig - schema................................none
11:23:45.744 [main] DEBUG com.zaxxer.hikari.HikariConfig - threadFactory................................internal
11:23:45.744 [main] DEBUG com.zaxxer.hikari.HikariConfig - transactionIsolation................................default
11:23:45.744 [main] DEBUG com.zaxxer.hikari.HikariConfig - username................................&quot;sa&quot;
11:23:45.744 [main] DEBUG com.zaxxer.hikari.HikariConfig - validationTimeout................................5000
11:23:45.744 [main] INFO  com.zaxxer.hikari.HikariDataSource - HikariPool-4 - Starting...
11:23:45.747 [main] DEBUG com.zaxxer.hikari.pool.HikariPool - HikariPool-4 - Added connection conn30: url=jdbc:h2:mem:camunda-spring-boot-test user=SA
11:23:45.747 [main] INFO  com.zaxxer.hikari.HikariDataSource - HikariPool-4 - Start completed.
11:23:45.849 [HikariPool-4 housekeeper] DEBUG com.zaxxer.hikari.pool.HikariPool - HikariPool-4 - Pool stats (total=1, active=0, idle=1, waiting=0)
11:23:45.851 [HikariPool-4 connection adder] DEBUG com.zaxxer.hikari.pool.HikariPool - HikariPool-4 - Added connection conn31: url=jdbc:h2:mem:camunda-spring-boot-test user=SA
11:23:45.907 [HikariPool-4 connection adder] DEBUG com.zaxxer.hikari.pool.HikariPool - HikariPool-4 - Added connection conn32: url=jdbc:h2:mem:camunda-spring-boot-test user=SA
11:23:45.907 [HikariPool-4 connection adder] DEBUG com.zaxxer.hikari.pool.HikariPool - HikariPool-4 - Added connection conn33: url=jdbc:h2:mem:camunda-spring-boot-test user=SA
11:23:45.908 [HikariPool-4 connection adder] DEBUG com.zaxxer.hikari.pool.HikariPool - HikariPool-4 - Added connection conn34: url=jdbc:h2:mem:camunda-spring-boot-test user=SA
11:23:45.908 [HikariPool-4 connection adder] DEBUG com.zaxxer.hikari.pool.HikariPool - HikariPool-4 - Added connection conn35: url=jdbc:h2:mem:camunda-spring-boot-test user=SA
11:23:45.909 [HikariPool-4 connection adder] DEBUG com.zaxxer.hikari.pool.HikariPool - HikariPool-4 - Added connection conn36: url=jdbc:h2:mem:camunda-spring-boot-test user=SA
11:23:45.909 [HikariPool-4 connection adder] DEBUG com.zaxxer.hikari.pool.HikariPool - HikariPool-4 - Added connection conn37: url=jdbc:h2:mem:camunda-spring-boot-test user=SA
11:23:45.909 [HikariPool-4 connection adder] DEBUG com.zaxxer.hikari.pool.HikariPool - HikariPool-4 - Added connection conn38: url=jdbc:h2:mem:camunda-spring-boot-test user=SA
11:23:45.910 [HikariPool-4 connection adder] DEBUG com.zaxxer.hikari.pool.HikariPool - HikariPool-4 - Added connection conn39: url=jdbc:h2:mem:camunda-spring-boot-test user=SA
11:23:45.910 [HikariPool-4 connection adder] DEBUG com.zaxxer.hikari.pool.HikariPool - HikariPool-4 - After adding stats (total=10, active=0, idle=10, waiting=0)
11:23:47.615 [main] INFO  org.camunda.bpm.engine.persistence - ENGINE-03016 Performing database operation &apos;create&apos; on component &apos;engine&apos; with resource &apos;org/camunda/bpm/engine/db/create/activiti.h2.create.engine.sql&apos;
11:23:47.636 [main] INFO  org.camunda.bpm.engine.persistence - ENGINE-03016 Performing database operation &apos;create&apos; on component &apos;history&apos; with resource &apos;org/camunda/bpm/engine/db/create/activiti.h2.create.history.sql&apos;
11:23:47.646 [main] INFO  org.camunda.bpm.engine.persistence - ENGINE-03016 Performing database operation &apos;create&apos; on component &apos;identity&apos; with resource &apos;org/camunda/bpm/engine/db/create/activiti.h2.create.identity.sql&apos;
11:23:47.658 [main] INFO  org.camunda.bpm.engine.persistence - ENGINE-03016 Performing database operation &apos;create&apos; on component &apos;case.engine&apos; with resource &apos;org/camunda/bpm/engine/db/create/activiti.h2.create.case.engine.sql&apos;
11:23:47.662 [main] INFO  org.camunda.bpm.engine.persistence - ENGINE-03016 Performing database operation &apos;create&apos; on component &apos;case.history&apos; with resource &apos;org/camunda/bpm/engine/db/create/activiti.h2.create.case.history.sql&apos;
11:23:47.667 [main] INFO  org.camunda.bpm.engine.persistence - ENGINE-03016 Performing database operation &apos;create&apos; on component &apos;decision.engine&apos; with resource &apos;org/camunda/bpm/engine/db/create/activiti.h2.create.decision.engine.sql&apos;
11:23:47.673 [main] INFO  org.camunda.bpm.engine.persistence - ENGINE-03016 Performing database operation &apos;create&apos; on component &apos;decision.history&apos; with resource &apos;org/camunda/bpm/engine/db/create/activiti.h2.create.decision.history.sql&apos;
11:23:47.675 [main] INFO  org.camunda.bpm.engine.persistence - ENGINE-03067 No history level property found in database
11:23:47.675 [main] INFO  org.camunda.bpm.engine.persistence - ENGINE-03065 Creating historyLevel property in database for level: HistoryLevelFull(name=full, id=3)
11:23:47.697 [main] INFO  org.camunda.bpm.engine - ENGINE-00001 Process Engine default created.
11:23:47.820 [main] INFO  o.c.b.s.b.s.r.CamundaJerseyResourceConfig - Configuring camunda rest api.
11:23:47.821 [main] INFO  o.c.b.s.b.s.r.CamundaJerseyResourceConfig - Finished configuring camunda rest api.
11:23:47.826 [main] WARN  o.s.c.a.AnnotationConfigApplicationContext - Exception encountered during context initialization - cancelling refresh attempt: org.springframework.beans.factory.UnsatisfiedDependencyException: Error creating bean with name &apos;camundaBpmRestInitializer&apos; defined in class path resource [org/camunda/bpm/spring/boot/starter/rest/CamundaBpmRestJerseyAutoConfiguration.class]: Unsatisfied dependency expressed through method &apos;camundaBpmRestInitializer&apos; parameter 0; nested exception is org.springframework.beans.factory.NoSuchBeanDefinitionException: No qualifying bean of type &apos;org.springframework.boot.autoconfigure.web.servlet.JerseyApplicationPath&apos; available: expected at least 1 bean which qualifies as autowire candidate. Dependency annotations: {}
11:23:47.837 [main] INFO  org.camunda.bpm.engine - ENGINE-00007 Process Engine default closed
11:23:47.838 [main] INFO  com.zaxxer.hikari.HikariDataSource - HikariPool-4 - Shutdown initiated...
11:23:47.838 [main] DEBUG com.zaxxer.hikari.pool.HikariPool - HikariPool-4 - Before shutdown stats (total=10, active=0, idle=10, waiting=0)
11:23:47.839 [HikariPool-4 connection closer] DEBUG com.zaxxer.hikari.pool.PoolBase - HikariPool-4 - Closing connection conn30: url=jdbc:h2:mem:camunda-spring-boot-test user=SA: (connection evicted)
11:23:47.840 [HikariPool-4 connection closer] DEBUG com.zaxxer.hikari.pool.PoolBase - HikariPool-4 - Closing connection conn31: url=jdbc:h2:mem:camunda-spring-boot-test user=SA: (connection evicted)
11:23:47.840 [HikariPool-4 connection closer] DEBUG com.zaxxer.hikari.pool.PoolBase - HikariPool-4 - Closing connection conn32: url=jdbc:h2:mem:camunda-spring-boot-test user=SA: (connection evicted)
11:23:47.840 [HikariPool-4 connection closer] DEBUG com.zaxxer.hikari.pool.PoolBase - HikariPool-4 - Closing connection conn33: url=jdbc:h2:mem:camunda-spring-boot-test user=SA: (connection evicted)
11:23:47.841 [HikariPool-4 connection closer] DEBUG com.zaxxer.hikari.pool.PoolBase - HikariPool-4 - Closing connection conn34: url=jdbc:h2:mem:camunda-spring-boot-test user=SA: (connection evicted)
11:23:47.841 [HikariPool-4 connection closer] DEBUG com.zaxxer.hikari.pool.PoolBase - HikariPool-4 - Closing connection conn35: url=jdbc:h2:mem:camunda-spring-boot-test user=SA: (connection evicted)
11:23:47.841 [HikariPool-4 connection closer] DEBUG com.zaxxer.hikari.pool.PoolBase - HikariPool-4 - Closing connection conn36: url=jdbc:h2:mem:camunda-spring-boot-test user=SA: (connection evicted)
11:23:47.842 [HikariPool-4 connection closer] DEBUG com.zaxxer.hikari.pool.PoolBase - HikariPool-4 - Closing connection conn37: url=jdbc:h2:mem:camunda-spring-boot-test user=SA: (connection evicted)
11:23:47.842 [HikariPool-4 connection closer] DEBUG com.zaxxer.hikari.pool.PoolBase - HikariPool-4 - Closing connection conn38: url=jdbc:h2:mem:camunda-spring-boot-test user=SA: (connection evicted)
11:23:47.842 [HikariPool-4 connection closer] DEBUG com.zaxxer.hikari.pool.PoolBase - HikariPool-4 - Closing connection conn39: url=jdbc:h2:mem:camunda-spring-boot-test user=SA: (connection evicted)
11:23:47.843 [main] DEBUG com.zaxxer.hikari.pool.HikariPool - HikariPool-4 - After shutdown stats (total=0, active=0, idle=0, waiting=0)
11:23:47.844 [main] INFO  com.zaxxer.hikari.HikariDataSource - HikariPool-4 - Shutdown completed.
11:23:47.847 [main] INFO  o.s.b.a.l.ConditionEvaluationReportLoggingListener - 

Error starting ApplicationContext. To display the conditions report re-run your application with &apos;debug&apos; enabled.
11:23:47.852 [main] ERROR o.s.b.d.LoggingFailureAnalysisReporter - 

***************************
APPLICATION FAILED TO START
***************************

Description:

Parameter 0 of method camundaBpmRestInitializer in org.camunda.bpm.spring.boot.starter.rest.CamundaBpmRestJerseyAutoConfiguration required a bean of type &apos;org.springframework.boot.autoconfigure.web.servlet.JerseyApplicationPath&apos; that could not be found.


Action:

Consider defining a bean of type &apos;org.springframework.boot.autoconfigure.web.servlet.JerseyApplicationPath&apos; in your configuration.

11:23:47.852 [main] ERROR o.s.test.context.TestContextManager - Caught exception while allowing TestExecutionListener [org.springframework.boot.test.autoconfigure.SpringBootDependencyInjectionTestExecutionListener@20706e70] to prepare test instance [ch.lush.m254lb2spring.ProcessTest@75b6bd41]
java.lang.IllegalStateException: Failed to load ApplicationContext
	at org.springframework.test.context.cache.DefaultCacheAwareContextLoaderDelegate.loadContext(DefaultCacheAwareContextLoaderDelegate.java:132)
	at org.springframework.test.context.support.DefaultTestContext.getApplicationContext(DefaultTestContext.java:124)
	at org.springframework.test.context.support.DependencyInjectionTestExecutionListener.injectDependencies(DependencyInjectionTestExecutionListener.java:118)
	at org.springframework.test.context.support.DependencyInjectionTestExecutionListener.prepareTestInstance(DependencyInjectionTestExecutionListener.java:83)
	at org.springframework.boot.test.autoconfigure.SpringBootDependencyInjectionTestExecutionListener.prepareTestInstance(SpringBootDependencyInjectionTestExecutionListener.java:43)
	at org.springframework.test.context.TestContextManager.prepareTestInstance(TestContextManager.java:244)
	at org.springframework.test.context.junit4.SpringJUnit4ClassRunner.createTest(SpringJUnit4ClassRunner.java:227)
	at org.springframework.test.context.junit4.SpringJUnit4ClassRunner$1.runReflectiveCall(SpringJUnit4ClassRunner.java:289)
	at org.junit.internal.runners.model.ReflectiveCallable.run(ReflectiveCallable.java:12)
	at org.springframework.test.context.junit4.SpringJUnit4ClassRunner.methodBlock(SpringJUnit4ClassRunner.java:291)
	at org.springframework.test.context.junit4.SpringJUnit4ClassRunner.runChild(SpringJUnit4ClassRunner.java:246)
	at org.springframework.test.context.junit4.SpringJUnit4ClassRunner.runChild(SpringJUnit4ClassRunner.java:97)
	at org.junit.runners.ParentRunner$4.run(ParentRunner.java:331)
	at org.junit.runners.ParentRunner$1.schedule(ParentRunner.java:79)
	at org.junit.runners.ParentRunner.runChildren(ParentRunner.java:329)
	at org.junit.runners.ParentRunner.access$100(ParentRunner.java:66)
	at org.junit.runners.ParentRunner$2.evaluate(ParentRunner.java:293)
	at org.springframework.test.context.junit4.statements.RunBeforeTestClassCallbacks.evaluate(RunBeforeTestClassCallbacks.java:61)
	at org.springframework.test.context.junit4.statements.RunAfterTestClassCallbacks.evaluate(RunAfterTestClassCallbacks.java:70)
	at org.junit.runners.ParentRunner$3.evaluate(ParentRunner.java:306)
	at org.junit.runners.ParentRunner.run(ParentRunner.java:413)
	at org.springframework.test.context.junit4.SpringJUnit4ClassRunner.run(SpringJUnit4ClassRunner.java:190)
	at org.apache.maven.surefire.junit4.JUnit4Provider.execute(JUnit4Provider.java:252)
	at org.apache.maven.surefire.junit4.JUnit4Provider.executeTestSet(JUnit4Provider.java:141)
	at org.apache.maven.surefire.junit4.JUnit4Provider.invoke(JUnit4Provider.java:112)
	at java.base/jdk.internal.reflect.NativeMethodAccessorImpl.invoke0(Native Method)
	at java.base/jdk.internal.reflect.NativeMethodAccessorImpl.invoke(NativeMethodAccessorImpl.java:62)
	at java.base/jdk.internal.reflect.DelegatingMethodAccessorImpl.invoke(DelegatingMethodAccessorImpl.java:43)
	at java.base/java.lang.reflect.Method.invoke(Method.java:566)
	at org.apache.maven.surefire.util.ReflectionUtils.invokeMethodWithArray(ReflectionUtils.java:189)
	at org.apache.maven.surefire.booter.ProviderFactory$ProviderProxy.invoke(ProviderFactory.java:165)
	at org.apache.maven.surefire.booter.ProviderFactory.invokeProvider(ProviderFactory.java:85)
	at org.apache.maven.surefire.booter.ForkedBooter.runSuitesInProcess(ForkedBooter.java:115)
	at org.apache.maven.surefire.booter.ForkedBooter.main(ForkedBooter.java:75)
Caused by: org.springframework.beans.factory.UnsatisfiedDependencyException: Error creating bean with name &apos;camundaBpmRestInitializer&apos; defined in class path resource [org/camunda/bpm/spring/boot/starter/rest/CamundaBpmRestJerseyAutoConfiguration.class]: Unsatisfied dependency expressed through method &apos;camundaBpmRestInitializer&apos; parameter 0; nested exception is org.springframework.beans.factory.NoSuchBeanDefinitionException: No qualifying bean of type &apos;org.springframework.boot.autoconfigure.web.servlet.JerseyApplicationPath&apos; available: expected at least 1 bean which qualifies as autowire candidate. Dependency annotations: {}
	at org.springframework.beans.factory.support.ConstructorResolver.createArgumentArray(ConstructorResolver.java:800)
	at org.springframework.beans.factory.support.ConstructorResolver.instantiateUsingFactoryMethod(ConstructorResolver.java:541)
	at org.springframework.beans.factory.support.AbstractAutowireCapableBeanFactory.instantiateUsingFactoryMethod(AbstractAutowireCapableBeanFactory.java:1334)
	at org.springframework.beans.factory.support.AbstractAutowireCapableBeanFactory.createBeanInstance(AbstractAutowireCapableBeanFactory.java:1177)
	at org.springframework.beans.factory.support.AbstractAutowireCapableBeanFactory.doCreateBean(AbstractAutowireCapableBeanFactory.java:564)
	at org.springframework.beans.factory.support.AbstractAutowireCapableBeanFactory.createBean(AbstractAutowireCapableBeanFactory.java:524)
	at org.springframework.beans.factory.support.AbstractBeanFactory.lambda$doGetBean$0(AbstractBeanFactory.java:335)
	at org.springframework.beans.factory.support.DefaultSingletonBeanRegistry.getSingleton(DefaultSingletonBeanRegistry.java:234)
	at org.springframework.beans.factory.support.AbstractBeanFactory.doGetBean(AbstractBeanFactory.java:333)
	at org.springframework.beans.factory.support.AbstractBeanFactory.getBean(AbstractBeanFactory.java:208)
	at org.springframework.beans.factory.support.DefaultListableBeanFactory.preInstantiateSingletons(DefaultListableBeanFactory.java:944)
	at org.springframework.context.support.AbstractApplicationContext.finishBeanFactoryInitialization(AbstractApplicationContext.java:918)
	at org.springframework.context.support.AbstractApplicationContext.refresh(AbstractApplicationContext.java:583)
	at org.springframework.boot.SpringApplication.refresh(SpringApplication.java:754)
	at org.springframework.boot.SpringApplication.refreshContext(SpringApplication.java:434)
	at org.springframework.boot.SpringApplication.run(SpringApplication.java:338)
	at org.springframework.boot.test.context.SpringBootContextLoader.loadContext(SpringBootContextLoader.java:123)
	at org.springframework.test.context.cache.DefaultCacheAwareContextLoaderDelegate.loadContextInternal(DefaultCacheAwareContextLoaderDelegate.java:99)
	at org.springframework.test.context.cache.DefaultCacheAwareContextLoaderDelegate.loadContext(DefaultCacheAwareContextLoaderDelegate.java:124)
	... 33 common frames omitted
Caused by: org.springframework.beans.factory.NoSuchBeanDefinitionException: No qualifying bean of type &apos;org.springframework.boot.autoconfigure.web.servlet.JerseyApplicationPath&apos; available: expected at least 1 bean which qualifies as autowire candidate. Dependency annotations: {}
	at org.springframework.beans.factory.support.DefaultListableBeanFactory.raiseNoMatchingBeanFound(DefaultListableBeanFactory.java:1790)
	at org.springframework.beans.factory.support.DefaultListableBeanFactory.doResolveDependency(DefaultListableBeanFactory.java:1346)
	at org.springframework.beans.factory.support.DefaultListableBeanFactory.resolveDependency(DefaultListableBeanFactory.java:1300)
	at org.springframework.beans.factory.support.ConstructorResolver.resolveAutowiredArgument(ConstructorResolver.java:887)
	at org.springframework.beans.factory.support.ConstructorResolver.createArgumentArray(ConstructorResolver.java:791)
	... 51 common frames omitted
</system-out>
  </testcase>
</testsuite>