<?xml version="1.0" encoding="UTF-8" ?>
<testsuite tests="1" failures="0" name="ch.lush.m254lb2spring.ProcessTest" time="0.002" errors="1" skipped="0">
  <properties>
[...]
</properties>
  <testcase classname="ch.lush.m254lb2spring.ProcessTest" name="testHappyPath" time="0.002">
    <error message="Failed to load ApplicationContext" type="java.lang.IllegalStateException">java.lang.IllegalStateException: Failed to load ApplicationContext
	at org.springframework.test.context.cache.DefaultCacheAwareContextLoaderDelegate.loadContext(DefaultCacheAwareContextLoaderDelegate.java:132)
	at org.springframework.test.context.support.DefaultTestContext.getApplicationContext(DefaultTestContext.java:124)
	at org.springframework.test.context.support.DependencyInjectionTestExecutionListener.injectDependencies(DependencyInjectionTestExecutionListener.java:118)
	at org.springframework.test.context.support.DependencyInjectionTestExecutionListener.prepareTestInstance(DependencyInjectionTestExecutionListener.java:83)
	at org.springframework.boot.test.autoconfigure.SpringBootDependencyInjectionTestExecutionListener.prepareTestInstance(SpringBootDependencyInjectionTestExecutionListener.java:43)
	at org.springframework.test.context.TestContextManager.prepareTestInstance(TestContextManager.java:244)
	at org.springframework.test.context.junit4.SpringJUnit4ClassRunner.createTest(SpringJUnit4ClassRunner.java:227)
	at org.springframework.test.context.junit4.SpringJUnit4ClassRunner$1.runReflectiveCall(SpringJUnit4ClassRunner.java:289)
	at org.junit.internal.runners.model.ReflectiveCallable.run(ReflectiveCallable.java:12)
	at org.springframework.test.context.junit4.SpringJUnit4ClassRunner.methodBlock(SpringJUnit4ClassRunner.java:291)
	at org.springframework.test.context.junit4.SpringJUnit4ClassRunner.runChild(SpringJUnit4ClassRunner.java:246)
	at org.springframework.test.context.junit4.SpringJUnit4ClassRunner.runChild(SpringJUnit4ClassRunner.java:97)
	at org.junit.runners.ParentRunner$4.run(ParentRunner.java:331)
	at org.junit.runners.ParentRunner$1.schedule(ParentRunner.java:79)
	at org.junit.runners.ParentRunner.runChildren(ParentRunner.java:329)
	at org.junit.runners.ParentRunner.access$100(ParentRunner.java:66)
	at org.junit.runners.ParentRunner$2.evaluate(ParentRunner.java:293)
	at org.springframework.test.context.junit4.statements.RunBeforeTestClassCallbacks.evaluate(RunBeforeTestClassCallbacks.java:61)
	at org.springframework.test.context.junit4.statements.RunAfterTestClassCallbacks.evaluate(RunAfterTestClassCallbacks.java:70)
	at org.junit.runners.ParentRunner$3.evaluate(ParentRunner.java:306)
	at org.junit.runners.ParentRunner.run(ParentRunner.java:413)
	at org.springframework.test.context.junit4.SpringJUnit4ClassRunner.run(SpringJUnit4ClassRunner.java:190)
	at org.apache.maven.surefire.junit4.JUnit4Provider.execute(JUnit4Provider.java:252)
	at org.apache.maven.surefire.junit4.JUnit4Provider.executeTestSet(JUnit4Provider.java:141)
	at org.apache.maven.surefire.junit4.JUnit4Provider.invoke(JUnit4Provider.java:112)
	at java.base/jdk.internal.reflect.NativeMethodAccessorImpl.invoke0(Native Method)
	at java.base/jdk.internal.reflect.NativeMethodAccessorImpl.invoke(NativeMethodAccessorImpl.java:62)
	at java.base/jdk.internal.reflect.DelegatingMethodAccessorImpl.invoke(DelegatingMethodAccessorImpl.java:43)
	at java.base/java.lang.reflect.Method.invoke(Method.java:566)
	at org.apache.maven.surefire.util.ReflectionUtils.invokeMethodWithArray(ReflectionUtils.java:189)
	at org.apache.maven.surefire.booter.ProviderFactory$ProviderProxy.invoke(ProviderFactory.java:165)
	at org.apache.maven.surefire.booter.ProviderFactory.invokeProvider(ProviderFactory.java:85)
	at org.apache.maven.surefire.booter.ForkedBooter.runSuitesInProcess(ForkedBooter.java:115)
	at org.apache.maven.surefire.booter.ForkedBooter.main(ForkedBooter.java:75)
Caused by: org.springframework.beans.factory.UnsatisfiedDependencyException: Error creating bean with name &apos;camundaBpmRestInitializer&apos; defined in class path resource [org/camunda/bpm/spring/boot/starter/rest/CamundaBpmRestJerseyAutoConfiguration.class]: Unsatisfied dependency expressed through method &apos;camundaBpmRestInitializer&apos; parameter 0; nested exception is org.springframework.beans.factory.NoSuchBeanDefinitionException: No qualifying bean of type &apos;org.springframework.boot.autoconfigure.web.servlet.JerseyApplicationPath&apos; available: expected at least 1 bean which qualifies as autowire candidate. Dependency annotations: {}
	at org.springframework.beans.factory.support.ConstructorResolver.createArgumentArray(ConstructorResolver.java:800)
	at org.springframework.beans.factory.support.ConstructorResolver.instantiateUsingFactoryMethod(ConstructorResolver.java:541)
	at org.springframework.beans.factory.support.AbstractAutowireCapableBeanFactory.instantiateUsingFactoryMethod(AbstractAutowireCapableBeanFactory.java:1334)
	at org.springframework.beans.factory.support.AbstractAutowireCapableBeanFactory.createBeanInstance(AbstractAutowireCapableBeanFactory.java:1177)
	at org.springframework.beans.factory.support.AbstractAutowireCapableBeanFactory.doCreateBean(AbstractAutowireCapableBeanFactory.java:564)
	at org.springframework.beans.factory.support.AbstractAutowireCapableBeanFactory.createBean(AbstractAutowireCapableBeanFactory.java:524)
	at org.springframework.beans.factory.support.AbstractBeanFactory.lambda$doGetBean$0(AbstractBeanFactory.java:335)
	at org.springframework.beans.factory.support.DefaultSingletonBeanRegistry.getSingleton(DefaultSingletonBeanRegistry.java:234)
	at org.springframework.beans.factory.support.AbstractBeanFactory.doGetBean(AbstractBeanFactory.java:333)
	at org.springframework.beans.factory.support.AbstractBeanFactory.getBean(AbstractBeanFactory.java:208)
	at org.springframework.beans.factory.support.DefaultListableBeanFactory.preInstantiateSingletons(DefaultListableBeanFactory.java:944)
	at org.springframework.context.support.AbstractApplicationContext.finishBeanFactoryInitialization(AbstractApplicationContext.java:918)
	at org.springframework.context.support.AbstractApplicationContext.refresh(AbstractApplicationContext.java:583)
	at org.springframework.boot.SpringApplication.refresh(SpringApplication.java:754)
	at org.springframework.boot.SpringApplication.refreshContext(SpringApplication.java:434)
	at org.springframework.boot.SpringApplication.run(SpringApplication.java:338)
	at org.springframework.boot.test.context.SpringBootContextLoader.loadContext(SpringBootContextLoader.java:123)
	at org.springframework.test.context.cache.DefaultCacheAwareContextLoaderDelegate.loadContextInternal(DefaultCacheAwareContextLoaderDelegate.java:99)
	at org.springframework.test.context.cache.DefaultCacheAwareContextLoaderDelegate.loadContext(DefaultCacheAwareContextLoaderDelegate.java:124)
	... 33 more
Caused by: org.springframework.beans.factory.NoSuchBeanDefinitionException: No qualifying bean of type &apos;org.springframework.boot.autoconfigure.web.servlet.JerseyApplicationPath&apos; available: expected at least 1 bean which qualifies as autowire candidate. Dependency annotations: {}
	at org.springframework.beans.factory.support.DefaultListableBeanFactory.raiseNoMatchingBeanFound(DefaultListableBeanFactory.java:1790)
	at org.springframework.beans.factory.support.DefaultListableBeanFactory.doResolveDependency(DefaultListableBeanFactory.java:1346)
	at org.springframework.beans.factory.support.DefaultListableBeanFactory.resolveDependency(DefaultListableBeanFactory.java:1300)
	at org.springframework.beans.factory.support.ConstructorResolver.resolveAutowiredArgument(ConstructorResolver.java:887)
	at org.springframework.beans.factory.support.ConstructorResolver.createArgumentArray(ConstructorResolver.java:791)
	... 51 more
</error>
    <system-out>11:21:48.716 [main] INFO  o.s.b.t.c.SpringBootTestContextBootstrapper - Neither @ContextConfiguration nor @ContextHierarchy found for test class [ch.lush.m254lb2spring.ProcessTest], using SpringBootContextLoader
11:21:48.717 [main] INFO  o.s.t.c.s.AbstractContextLoader - Could not detect default resource locations for test class [ch.lush.m254lb2spring.ProcessTest]: no resource found for suffixes {-context.xml, Context.groovy}.
11:21:48.717 [main] INFO  o.s.t.c.s.AnnotationConfigContextLoaderUtils - Could not detect default configuration classes for test class [ch.lush.m254lb2spring.ProcessTest]: ProcessTest does not declare any static, non-private, non-final, nested classes annotated with @Configuration.
11:21:48.724 [main] INFO  o.s.b.t.c.SpringBootTestContextBootstrapper - Found @SpringBootConfiguration ch.lush.m254lb2spring.CamundaApplication for test class ch.lush.m254lb2spring.ProcessTest
11:21:48.728 [main] INFO  o.s.b.t.c.SpringBootTestContextBootstrapper - Loaded default TestExecutionListener class names from location [META-INF/spring.factories]: [org.springframework.boot.test.mock.mockito.MockitoTestExecutionListener, org.springframework.boot.test.mock.mockito.ResetMocksTestExecutionListener, org.springframework.boot.test.autoconfigure.restdocs.RestDocsTestExecutionListener, org.springframework.boot.test.autoconfigure.web.client.MockRestServiceServerResetTestExecutionListener, org.springframework.boot.test.autoconfigure.web.servlet.MockMvcPrintOnlyOnFailureTestExecutionListener, org.springframework.boot.test.autoconfigure.web.servlet.WebDriverTestExecutionListener, org.springframework.boot.test.autoconfigure.webservices.client.MockWebServiceServerTestExecutionListener, org.springframework.test.context.web.ServletTestExecutionListener, org.springframework.test.context.support.DirtiesContextBeforeModesTestExecutionListener, org.springframework.test.context.event.ApplicationEventsTestExecutionListener, org.springframework.test.context.support.DependencyInjectionTestExecutionListener, org.springframework.test.context.support.DirtiesContextTestExecutionListener, org.springframework.test.context.transaction.TransactionalTestExecutionListener, org.springframework.test.context.jdbc.SqlScriptsTestExecutionListener, org.springframework.test.context.event.EventPublishingTestExecutionListener]
11:21:48.729 [main] INFO  o.s.b.t.c.SpringBootTestContextBootstrapper - Using TestExecutionListeners: [org.springframework.test.context.web.ServletTestExecutionListener@66b62ebd, org.springframework.test.context.support.DirtiesContextBeforeModesTestExecutionListener@5440a3a, org.springframework.test.context.event.ApplicationEventsTestExecutionListener@18cb4ed1, org.springframework.boot.test.mock.mockito.MockitoTestExecutionListener@10abd94f, org.springframework.boot.test.autoconfigure.SpringBootDependencyInjectionTestExecutionListener@47bfde21, org.springframework.test.context.support.DirtiesContextTestExecutionListener@628f0936, org.springframework.test.context.transaction.TransactionalTestExecutionListener@20706e70, org.springframework.test.context.jdbc.SqlScriptsTestExecutionListener@6e5fba90, org.springframework.test.context.event.EventPublishingTestExecutionListener@57283fac, org.springframework.boot.test.mock.mockito.ResetMocksTestExecutionListener@4d745ac6, org.springframework.boot.test.autoconfigure.restdocs.RestDocsTestExecutionListener@6e54bef6, org.springframework.boot.test.autoconfigure.web.client.MockRestServiceServerResetTestExecutionListener@7dcc0296, org.springframework.boot.test.autoconfigure.web.servlet.MockMvcPrintOnlyOnFailureTestExecutionListener@6b8f87dc, org.springframework.boot.test.autoconfigure.web.servlet.WebDriverTestExecutionListener@4c25201, org.springframework.boot.test.autoconfigure.webservices.client.MockWebServiceServerTestExecutionListener@4faaff61]

 ____                                 _         ____  _       _    __                      
/ ___| __ _ _ __ ___  _   _ _ __   __| | __ _  |  _ \| | __ _| |_ / _| ___  _ __ _ __ ___  
| |   / _` | &apos;_ ` _ \| | | | &apos;_ \ / _` |/ _` | | |_) | |/ _` | __| |_ / _ \| &apos;__| &apos;_ ` _ \ 
| |__| (_| | | | | | | |_| | | | | (_| | (_| | |  __/| | (_| | |_|  _| (_) | |  | | | | | |
\____/\__,_|_| |_| |_|\__,_|_| |_|\__,_|\__,_| |_|   |_|\__,_|\__|_|  \___/|_|  |_| |_| |_|

  Spring-Boot:  (v2.5.4)
  Camunda Platform: (v7.16.0)
  Camunda Platform Spring Boot Starter: (v7.16.0)

11:21:48.777 [main] INFO  ch.lush.m254lb2spring.ProcessTest - Starting ProcessTest using Java 11.0.13 on NBPLGU02 with PID 20664 (started by LGU in C:\projects\tbz\m254-lb2-spring)
11:21:48.777 [main] DEBUG ch.lush.m254lb2spring.ProcessTest - Running with Spring Boot v2.5.4, Spring v5.3.9
11:21:48.778 [main] INFO  ch.lush.m254lb2spring.ProcessTest - No active profile set, falling back to default profiles: default
11:21:49.236 [main] DEBUG com.zaxxer.hikari.HikariConfig - Driver class org.h2.Driver found in Thread context class loader jdk.internal.loader.ClassLoaders$AppClassLoader@30946e09
11:21:49.378 [main] INFO  org.camunda.bpm.engine.cfg - ENGINE-12003 Plugin &apos;CompositeProcessEnginePlugin[genericPropertiesConfiguration, camundaProcessEngineConfiguration, camundaDatasourceConfiguration, camundaHistoryConfiguration, camundaMetricsConfiguration, camundaAuthorizationConfiguration, failedJobConfiguration, disableDeploymentResourcePattern, eventPublisherPlugin, ApplicationContextClassloaderSwitchPlugin, ConnectProcessEnginePlugin, SpringBootSpinProcessEnginePlugin]&apos; activated on process engine &apos;default&apos;
11:21:49.378 [main] INFO  org.camunda.bpm.spring.boot - STARTER-SB020 ProcessApplication enabled: autoDeployment via springConfiguration#deploymentResourcePattern is disabled
11:21:49.378 [main] INFO  o.c.b.s.b.s.e.EventPublisherPlugin - EVENTING-001: Initialized Camunda Spring Boot Eventing Engine Plugin.
11:21:49.378 [main] INFO  o.c.b.s.b.s.e.EventPublisherPlugin - EVENTING-003: Task events will be published as Spring Events.
11:21:49.378 [main] INFO  o.c.b.s.b.s.e.EventPublisherPlugin - EVENTING-005: Execution events will be published as Spring Events.
11:21:49.378 [main] INFO  o.c.b.s.b.s.e.EventPublisherPlugin - EVENTING-007: History events will be published as Spring events.
11:21:49.381 [main] INFO  org.camunda.bpm.connect - CNCT-01004 Discovered provider for connector id &apos;http-connector&apos; and class &apos;org.camunda.connect.httpclient.impl.HttpConnectorImpl&apos;: &apos;org.camunda.connect.httpclient.impl.HttpConnectorProviderImpl&apos;
11:21:49.382 [main] INFO  org.camunda.bpm.connect - CNCT-01004 Discovered provider for connector id &apos;soap-http-connector&apos; and class &apos;org.camunda.connect.httpclient.soap.impl.SoapHttpConnectorImpl&apos;: &apos;org.camunda.connect.httpclient.soap.impl.SoapHttpConnectorProviderImpl&apos;
11:21:49.384 [main] INFO  org.camunda.spin - SPIN-01010 Discovered Spin data format provider: org.camunda.spin.impl.json.jackson.format.JacksonJsonDataFormatProvider[name = application/json]
11:21:49.385 [main] INFO  org.camunda.spin - SPIN-01010 Discovered Spin data format provider: org.camunda.spin.impl.xml.dom.format.DomXmlDataFormatProvider[name = application/xml]
11:21:49.386 [main] INFO  org.camunda.spin - SPIN-01009 Discovered Spin data format: org.camunda.spin.impl.xml.dom.format.DomXmlDataFormat[name = application/xml]
11:21:49.386 [main] INFO  org.camunda.spin - SPIN-01009 Discovered Spin data format: org.camunda.spin.impl.json.jackson.format.JacksonJsonDataFormat[name = application/json]
11:21:49.390 [main] INFO  org.camunda.bpm.dmn.feel.scala - FEEL/SCALA-01001 Spin value mapper detected
11:21:49.390 [main] INFO  org.camunda.feel.FeelEngine - Engine created. [value-mapper: CompositeValueMapper(List(org.camunda.feel.impl.JavaValueMapper@2caa9666, org.camunda.spin.plugin.impl.feel.integration.SpinValueMapper@263f6e96)), function-provider: org.camunda.bpm.dmn.feel.impl.scala.function.CustomFunctionTransformer@49741e80, clock: SystemClock, configuration: Configuration(false)]
11:21:49.393 [main] DEBUG com.zaxxer.hikari.HikariConfig - HikariPool-3 - configuration:
11:21:49.394 [main] DEBUG com.zaxxer.hikari.HikariConfig - allowPoolSuspension................................false
11:21:49.394 [main] DEBUG com.zaxxer.hikari.HikariConfig - autoCommit................................true
11:21:49.395 [main] DEBUG com.zaxxer.hikari.HikariConfig - catalog................................none
11:21:49.395 [main] DEBUG com.zaxxer.hikari.HikariConfig - connectionInitSql................................none
11:21:49.395 [main] DEBUG com.zaxxer.hikari.HikariConfig - connectionTestQuery................................none
11:21:49.395 [main] DEBUG com.zaxxer.hikari.HikariConfig - connectionTimeout................................30000
11:21:49.395 [main] DEBUG com.zaxxer.hikari.HikariConfig - dataSource................................none
11:21:49.395 [main] DEBUG com.zaxxer.hikari.HikariConfig - dataSourceClassName................................none
11:21:49.395 [main] DEBUG com.zaxxer.hikari.HikariConfig - dataSourceJNDI................................none
11:21:49.395 [main] DEBUG com.zaxxer.hikari.HikariConfig - dataSourceProperties................................{password=&lt;masked&gt;}
11:21:49.395 [main] DEBUG com.zaxxer.hikari.HikariConfig - driverClassName................................&quot;org.h2.Driver&quot;
11:21:49.396 [main] DEBUG com.zaxxer.hikari.HikariConfig - exceptionOverrideClassName................................none
11:21:49.396 [main] DEBUG com.zaxxer.hikari.HikariConfig - healthCheckProperties................................{}
11:21:49.396 [main] DEBUG com.zaxxer.hikari.HikariConfig - healthCheckRegistry................................none
11:21:49.396 [main] DEBUG com.zaxxer.hikari.HikariConfig - idleTimeout................................600000
11:21:49.396 [main] DEBUG com.zaxxer.hikari.HikariConfig - initializationFailTimeout................................1
11:21:49.396 [main] DEBUG com.zaxxer.hikari.HikariConfig - isolateInternalQueries................................false
11:21:49.397 [main] DEBUG com.zaxxer.hikari.HikariConfig - jdbcUrl................................jdbc:h2:mem:camunda-spring-boot-test;DB_CLOSE_ON_EXIT=false
11:21:49.397 [main] DEBUG com.zaxxer.hikari.HikariConfig - keepaliveTime................................0
11:21:49.397 [main] DEBUG com.zaxxer.hikari.HikariConfig - leakDetectionThreshold................................0
11:21:49.397 [main] DEBUG com.zaxxer.hikari.HikariConfig - maxLifetime................................1800000
11:21:49.397 [main] DEBUG com.zaxxer.hikari.HikariConfig - maximumPoolSize................................10
11:21:49.397 [main] DEBUG com.zaxxer.hikari.HikariConfig - metricRegistry................................none
11:21:49.398 [main] DEBUG com.zaxxer.hikari.HikariConfig - metricsTrackerFactory................................none
11:21:49.399 [main] DEBUG com.zaxxer.hikari.HikariConfig - minimumIdle................................10
11:21:49.399 [main] DEBUG com.zaxxer.hikari.HikariConfig - password................................&lt;masked&gt;
11:21:49.399 [main] DEBUG com.zaxxer.hikari.HikariConfig - poolName................................&quot;HikariPool-3&quot;
11:21:49.399 [main] DEBUG com.zaxxer.hikari.HikariConfig - readOnly................................false
11:21:49.399 [main] DEBUG com.zaxxer.hikari.HikariConfig - registerMbeans................................false
11:21:49.399 [main] DEBUG com.zaxxer.hikari.HikariConfig - scheduledExecutor................................none
11:21:49.399 [main] DEBUG com.zaxxer.hikari.HikariConfig - schema................................none
11:21:49.399 [main] DEBUG com.zaxxer.hikari.HikariConfig - threadFactory................................internal
11:21:49.399 [main] DEBUG com.zaxxer.hikari.HikariConfig - transactionIsolation................................default
11:21:49.400 [main] DEBUG com.zaxxer.hikari.HikariConfig - username................................&quot;sa&quot;
11:21:49.400 [main] DEBUG com.zaxxer.hikari.HikariConfig - validationTimeout................................5000
11:21:49.400 [main] INFO  com.zaxxer.hikari.HikariDataSource - HikariPool-3 - Starting...
11:21:49.402 [main] DEBUG com.zaxxer.hikari.pool.HikariPool - HikariPool-3 - Added connection conn20: url=jdbc:h2:mem:camunda-spring-boot-test user=SA
11:21:49.403 [main] INFO  com.zaxxer.hikari.HikariDataSource - HikariPool-3 - Start completed.
11:21:49.503 [HikariPool-3 housekeeper] DEBUG com.zaxxer.hikari.pool.HikariPool - HikariPool-3 - Pool stats (total=1, active=0, idle=1, waiting=0)
11:21:49.505 [HikariPool-3 connection adder] DEBUG com.zaxxer.hikari.pool.HikariPool - HikariPool-3 - Added connection conn21: url=jdbc:h2:mem:camunda-spring-boot-test user=SA
11:21:49.505 [HikariPool-3 connection adder] DEBUG com.zaxxer.hikari.pool.HikariPool - HikariPool-3 - Added connection conn22: url=jdbc:h2:mem:camunda-spring-boot-test user=SA
11:21:49.506 [HikariPool-3 connection adder] DEBUG com.zaxxer.hikari.pool.HikariPool - HikariPool-3 - Added connection conn23: url=jdbc:h2:mem:camunda-spring-boot-test user=SA
11:21:49.507 [HikariPool-3 connection adder] DEBUG com.zaxxer.hikari.pool.HikariPool - HikariPool-3 - Added connection conn24: url=jdbc:h2:mem:camunda-spring-boot-test user=SA
11:21:49.507 [HikariPool-3 connection adder] DEBUG com.zaxxer.hikari.pool.HikariPool - HikariPool-3 - Added connection conn25: url=jdbc:h2:mem:camunda-spring-boot-test user=SA
11:21:49.507 [HikariPool-3 connection adder] DEBUG com.zaxxer.hikari.pool.HikariPool - HikariPool-3 - Added connection conn26: url=jdbc:h2:mem:camunda-spring-boot-test user=SA
11:21:49.508 [HikariPool-3 connection adder] DEBUG com.zaxxer.hikari.pool.HikariPool - HikariPool-3 - Added connection conn27: url=jdbc:h2:mem:camunda-spring-boot-test user=SA
11:21:49.509 [HikariPool-3 connection adder] DEBUG com.zaxxer.hikari.pool.HikariPool - HikariPool-3 - Added connection conn28: url=jdbc:h2:mem:camunda-spring-boot-test user=SA
11:21:49.509 [HikariPool-3 connection adder] DEBUG com.zaxxer.hikari.pool.HikariPool - HikariPool-3 - Added connection conn29: url=jdbc:h2:mem:camunda-spring-boot-test user=SA
11:21:49.509 [HikariPool-3 connection adder] DEBUG com.zaxxer.hikari.pool.HikariPool - HikariPool-3 - After adding stats (total=10, active=0, idle=10, waiting=0)
11:21:51.347 [main] INFO  org.camunda.bpm.engine.persistence - ENGINE-03016 Performing database operation &apos;create&apos; on component &apos;engine&apos; with resource &apos;org/camunda/bpm/engine/db/create/activiti.h2.create.engine.sql&apos;
11:21:51.381 [main] INFO  org.camunda.bpm.engine.persistence - ENGINE-03016 Performing database operation &apos;create&apos; on component &apos;history&apos; with resource &apos;org/camunda/bpm/engine/db/create/activiti.h2.create.history.sql&apos;
11:21:51.390 [main] INFO  org.camunda.bpm.engine.persistence - ENGINE-03016 Performing database operation &apos;create&apos; on component &apos;identity&apos; with resource &apos;org/camunda/bpm/engine/db/create/activiti.h2.create.identity.sql&apos;
11:21:51.403 [main] INFO  org.camunda.bpm.engine.persistence - ENGINE-03016 Performing database operation &apos;create&apos; on component &apos;case.engine&apos; with resource &apos;org/camunda/bpm/engine/db/create/activiti.h2.create.case.engine.sql&apos;
11:21:51.408 [main] INFO  org.camunda.bpm.engine.persistence - ENGINE-03016 Performing database operation &apos;create&apos; on component &apos;case.history&apos; with resource &apos;org/camunda/bpm/engine/db/create/activiti.h2.create.case.history.sql&apos;
11:21:51.413 [main] INFO  org.camunda.bpm.engine.persistence - ENGINE-03016 Performing database operation &apos;create&apos; on component &apos;decision.engine&apos; with resource &apos;org/camunda/bpm/engine/db/create/activiti.h2.create.decision.engine.sql&apos;
11:21:51.423 [main] INFO  org.camunda.bpm.engine.persistence - ENGINE-03016 Performing database operation &apos;create&apos; on component &apos;decision.history&apos; with resource &apos;org/camunda/bpm/engine/db/create/activiti.h2.create.decision.history.sql&apos;
11:21:51.425 [main] INFO  org.camunda.bpm.engine.persistence - ENGINE-03067 No history level property found in database
11:21:51.425 [main] INFO  org.camunda.bpm.engine.persistence - ENGINE-03065 Creating historyLevel property in database for level: HistoryLevelFull(name=full, id=3)
11:21:51.463 [main] INFO  org.camunda.bpm.engine - ENGINE-00001 Process Engine default created.
11:21:51.623 [main] INFO  o.c.b.s.b.s.r.CamundaJerseyResourceConfig - Configuring camunda rest api.
11:21:51.624 [main] INFO  o.c.b.s.b.s.r.CamundaJerseyResourceConfig - Finished configuring camunda rest api.
11:21:51.630 [main] WARN  o.s.c.a.AnnotationConfigApplicationContext - Exception encountered during context initialization - cancelling refresh attempt: org.springframework.beans.factory.UnsatisfiedDependencyException: Error creating bean with name &apos;camundaBpmRestInitializer&apos; defined in class path resource [org/camunda/bpm/spring/boot/starter/rest/CamundaBpmRestJerseyAutoConfiguration.class]: Unsatisfied dependency expressed through method &apos;camundaBpmRestInitializer&apos; parameter 0; nested exception is org.springframework.beans.factory.NoSuchBeanDefinitionException: No qualifying bean of type &apos;org.springframework.boot.autoconfigure.web.servlet.JerseyApplicationPath&apos; available: expected at least 1 bean which qualifies as autowire candidate. Dependency annotations: {}
11:21:51.639 [main] INFO  org.camunda.bpm.engine - ENGINE-00007 Process Engine default closed
11:21:51.639 [main] INFO  com.zaxxer.hikari.HikariDataSource - HikariPool-3 - Shutdown initiated...
11:21:51.639 [main] DEBUG com.zaxxer.hikari.pool.HikariPool - HikariPool-3 - Before shutdown stats (total=10, active=0, idle=10, waiting=0)
11:21:51.641 [HikariPool-3 connection closer] DEBUG com.zaxxer.hikari.pool.PoolBase - HikariPool-3 - Closing connection conn20: url=jdbc:h2:mem:camunda-spring-boot-test user=SA: (connection evicted)
11:21:51.642 [HikariPool-3 connection closer] DEBUG com.zaxxer.hikari.pool.PoolBase - HikariPool-3 - Closing connection conn21: url=jdbc:h2:mem:camunda-spring-boot-test user=SA: (connection evicted)
11:21:51.642 [HikariPool-3 connection closer] DEBUG com.zaxxer.hikari.pool.PoolBase - HikariPool-3 - Closing connection conn22: url=jdbc:h2:mem:camunda-spring-boot-test user=SA: (connection evicted)
11:21:51.643 [HikariPool-3 connection closer] DEBUG com.zaxxer.hikari.pool.PoolBase - HikariPool-3 - Closing connection conn23: url=jdbc:h2:mem:camunda-spring-boot-test user=SA: (connection evicted)
11:21:51.643 [HikariPool-3 connection closer] DEBUG com.zaxxer.hikari.pool.PoolBase - HikariPool-3 - Closing connection conn24: url=jdbc:h2:mem:camunda-spring-boot-test user=SA: (connection evicted)
11:21:51.644 [HikariPool-3 connection closer] DEBUG com.zaxxer.hikari.pool.PoolBase - HikariPool-3 - Closing connection conn25: url=jdbc:h2:mem:camunda-spring-boot-test user=SA: (connection evicted)
11:21:51.645 [HikariPool-3 connection closer] DEBUG com.zaxxer.hikari.pool.PoolBase - HikariPool-3 - Closing connection conn26: url=jdbc:h2:mem:camunda-spring-boot-test user=SA: (connection evicted)
11:21:51.646 [HikariPool-3 connection closer] DEBUG com.zaxxer.hikari.pool.PoolBase - HikariPool-3 - Closing connection conn27: url=jdbc:h2:mem:camunda-spring-boot-test user=SA: (connection evicted)
11:21:51.647 [HikariPool-3 connection closer] DEBUG com.zaxxer.hikari.pool.PoolBase - HikariPool-3 - Closing connection conn28: url=jdbc:h2:mem:camunda-spring-boot-test user=SA: (connection evicted)
11:21:51.648 [HikariPool-3 connection closer] DEBUG com.zaxxer.hikari.pool.PoolBase - HikariPool-3 - Closing connection conn29: url=jdbc:h2:mem:camunda-spring-boot-test user=SA: (connection evicted)
11:21:51.650 [main] DEBUG com.zaxxer.hikari.pool.HikariPool - HikariPool-3 - After shutdown stats (total=0, active=0, idle=0, waiting=0)
11:21:51.651 [main] INFO  com.zaxxer.hikari.HikariDataSource - HikariPool-3 - Shutdown completed.
11:21:51.657 [main] INFO  o.s.b.a.l.ConditionEvaluationReportLoggingListener - 

Error starting ApplicationContext. To display the conditions report re-run your application with &apos;debug&apos; enabled.
11:21:51.659 [main] ERROR o.s.b.d.LoggingFailureAnalysisReporter - 

***************************
APPLICATION FAILED TO START
***************************

Description:

Parameter 0 of method camundaBpmRestInitializer in org.camunda.bpm.spring.boot.starter.rest.CamundaBpmRestJerseyAutoConfiguration required a bean of type &apos;org.springframework.boot.autoconfigure.web.servlet.JerseyApplicationPath&apos; that could not be found.


Action:

Consider defining a bean of type &apos;org.springframework.boot.autoconfigure.web.servlet.JerseyApplicationPath&apos; in your configuration.


 ____                                 _         ____  _       _    __                      
/ ___| __ _ _ __ ___  _   _ _ __   __| | __ _  |  _ \| | __ _| |_ / _| ___  _ __ _ __ ___  
| |   / _` | &apos;_ ` _ \| | | | &apos;_ \ / _` |/ _` | | |_) | |/ _` | __| |_ / _ \| &apos;__| &apos;_ ` _ \ 
| |__| (_| | | | | | | |_| | | | | (_| | (_| | |  __/| | (_| | |_|  _| (_) | |  | | | | | |
\____/\__,_|_| |_| |_|\__,_|_| |_|\__,_|\__,_| |_|   |_|\__,_|\__|_|  \___/|_|  |_| |_| |_|

  Spring-Boot:  (v2.5.4)
  Camunda Platform: (v7.16.0)
  Camunda Platform Spring Boot Starter: (v7.16.0)

11:21:51.704 [main] INFO  ch.lush.m254lb2spring.ProcessTest - Starting ProcessTest using Java 11.0.13 on NBPLGU02 with PID 20664 (started by LGU in C:\projects\tbz\m254-lb2-spring)
11:21:51.704 [main] DEBUG ch.lush.m254lb2spring.ProcessTest - Running with Spring Boot v2.5.4, Spring v5.3.9
11:21:51.704 [main] INFO  ch.lush.m254lb2spring.ProcessTest - No active profile set, falling back to default profiles: default
11:21:52.036 [main] DEBUG com.zaxxer.hikari.HikariConfig - Driver class org.h2.Driver found in Thread context class loader jdk.internal.loader.ClassLoaders$AppClassLoader@30946e09
11:21:52.124 [main] INFO  org.camunda.bpm.engine.cfg - ENGINE-12003 Plugin &apos;CompositeProcessEnginePlugin[genericPropertiesConfiguration, camundaProcessEngineConfiguration, camundaDatasourceConfiguration, camundaHistoryConfiguration, camundaMetricsConfiguration, camundaAuthorizationConfiguration, failedJobConfiguration, disableDeploymentResourcePattern, eventPublisherPlugin, ApplicationContextClassloaderSwitchPlugin, ConnectProcessEnginePlugin, SpringBootSpinProcessEnginePlugin]&apos; activated on process engine &apos;default&apos;
11:21:52.124 [main] INFO  org.camunda.bpm.spring.boot - STARTER-SB020 ProcessApplication enabled: autoDeployment via springConfiguration#deploymentResourcePattern is disabled
11:21:52.124 [main] INFO  o.c.b.s.b.s.e.EventPublisherPlugin - EVENTING-001: Initialized Camunda Spring Boot Eventing Engine Plugin.
11:21:52.124 [main] INFO  o.c.b.s.b.s.e.EventPublisherPlugin - EVENTING-003: Task events will be published as Spring Events.
11:21:52.124 [main] INFO  o.c.b.s.b.s.e.EventPublisherPlugin - EVENTING-005: Execution events will be published as Spring Events.
11:21:52.124 [main] INFO  o.c.b.s.b.s.e.EventPublisherPlugin - EVENTING-007: History events will be published as Spring events.
11:21:52.126 [main] INFO  org.camunda.bpm.connect - CNCT-01004 Discovered provider for connector id &apos;http-connector&apos; and class &apos;org.camunda.connect.httpclient.impl.HttpConnectorImpl&apos;: &apos;org.camunda.connect.httpclient.impl.HttpConnectorProviderImpl&apos;
11:21:52.127 [main] INFO  org.camunda.bpm.connect - CNCT-01004 Discovered provider for connector id &apos;soap-http-connector&apos; and class &apos;org.camunda.connect.httpclient.soap.impl.SoapHttpConnectorImpl&apos;: &apos;org.camunda.connect.httpclient.soap.impl.SoapHttpConnectorProviderImpl&apos;
11:21:52.128 [main] INFO  org.camunda.spin - SPIN-01010 Discovered Spin data format provider: org.camunda.spin.impl.json.jackson.format.JacksonJsonDataFormatProvider[name = application/json]
11:21:52.129 [main] INFO  org.camunda.spin - SPIN-01010 Discovered Spin data format provider: org.camunda.spin.impl.xml.dom.format.DomXmlDataFormatProvider[name = application/xml]
11:21:52.130 [main] INFO  org.camunda.spin - SPIN-01009 Discovered Spin data format: org.camunda.spin.impl.xml.dom.format.DomXmlDataFormat[name = application/xml]
11:21:52.130 [main] INFO  org.camunda.spin - SPIN-01009 Discovered Spin data format: org.camunda.spin.impl.json.jackson.format.JacksonJsonDataFormat[name = application/json]
11:21:52.133 [main] INFO  org.camunda.bpm.dmn.feel.scala - FEEL/SCALA-01001 Spin value mapper detected
11:21:52.133 [main] INFO  org.camunda.feel.FeelEngine - Engine created. [value-mapper: CompositeValueMapper(List(org.camunda.feel.impl.JavaValueMapper@2468c0e4, org.camunda.spin.plugin.impl.feel.integration.SpinValueMapper@49994a4)), function-provider: org.camunda.bpm.dmn.feel.impl.scala.function.CustomFunctionTransformer@1a82453, clock: SystemClock, configuration: Configuration(false)]
11:21:52.136 [main] DEBUG com.zaxxer.hikari.HikariConfig - HikariPool-4 - configuration:
11:21:52.136 [main] DEBUG com.zaxxer.hikari.HikariConfig - allowPoolSuspension................................false
11:21:52.136 [main] DEBUG com.zaxxer.hikari.HikariConfig - autoCommit................................true
11:21:52.136 [main] DEBUG com.zaxxer.hikari.HikariConfig - catalog................................none
11:21:52.136 [main] DEBUG com.zaxxer.hikari.HikariConfig - connectionInitSql................................none
11:21:52.136 [main] DEBUG com.zaxxer.hikari.HikariConfig - connectionTestQuery................................none
11:21:52.136 [main] DEBUG com.zaxxer.hikari.HikariConfig - connectionTimeout................................30000
11:21:52.137 [main] DEBUG com.zaxxer.hikari.HikariConfig - dataSource................................none
11:21:52.137 [main] DEBUG com.zaxxer.hikari.HikariConfig - dataSourceClassName................................none
11:21:52.137 [main] DEBUG com.zaxxer.hikari.HikariConfig - dataSourceJNDI................................none
11:21:52.137 [main] DEBUG com.zaxxer.hikari.HikariConfig - dataSourceProperties................................{password=&lt;masked&gt;}
11:21:52.137 [main] DEBUG com.zaxxer.hikari.HikariConfig - driverClassName................................&quot;org.h2.Driver&quot;
11:21:52.137 [main] DEBUG com.zaxxer.hikari.HikariConfig - exceptionOverrideClassName................................none
11:21:52.137 [main] DEBUG com.zaxxer.hikari.HikariConfig - healthCheckProperties................................{}
11:21:52.137 [main] DEBUG com.zaxxer.hikari.HikariConfig - healthCheckRegistry................................none
11:21:52.137 [main] DEBUG com.zaxxer.hikari.HikariConfig - idleTimeout................................600000
11:21:52.138 [main] DEBUG com.zaxxer.hikari.HikariConfig - initializationFailTimeout................................1
11:21:52.138 [main] DEBUG com.zaxxer.hikari.HikariConfig - isolateInternalQueries................................false
11:21:52.138 [main] DEBUG com.zaxxer.hikari.HikariConfig - jdbcUrl................................jdbc:h2:mem:camunda-spring-boot-test;DB_CLOSE_ON_EXIT=false
11:21:52.138 [main] DEBUG com.zaxxer.hikari.HikariConfig - keepaliveTime................................0
11:21:52.138 [main] DEBUG com.zaxxer.hikari.HikariConfig - leakDetectionThreshold................................0
11:21:52.139 [main] DEBUG com.zaxxer.hikari.HikariConfig - maxLifetime................................1800000
11:21:52.139 [main] DEBUG com.zaxxer.hikari.HikariConfig - maximumPoolSize................................10
11:21:52.139 [main] DEBUG com.zaxxer.hikari.HikariConfig - metricRegistry................................none
11:21:52.139 [main] DEBUG com.zaxxer.hikari.HikariConfig - metricsTrackerFactory................................none
11:21:52.139 [main] DEBUG com.zaxxer.hikari.HikariConfig - minimumIdle................................10
11:21:52.139 [main] DEBUG com.zaxxer.hikari.HikariConfig - password................................&lt;masked&gt;
11:21:52.139 [main] DEBUG com.zaxxer.hikari.HikariConfig - poolName................................&quot;HikariPool-4&quot;
11:21:52.139 [main] DEBUG com.zaxxer.hikari.HikariConfig - readOnly................................false
11:21:52.139 [main] DEBUG com.zaxxer.hikari.HikariConfig - registerMbeans................................false
11:21:52.140 [main] DEBUG com.zaxxer.hikari.HikariConfig - scheduledExecutor................................none
11:21:52.140 [main] DEBUG com.zaxxer.hikari.HikariConfig - schema................................none
11:21:52.140 [main] DEBUG com.zaxxer.hikari.HikariConfig - threadFactory................................internal
11:21:52.140 [main] DEBUG com.zaxxer.hikari.HikariConfig - transactionIsolation................................default
11:21:52.140 [main] DEBUG com.zaxxer.hikari.HikariConfig - username................................&quot;sa&quot;
11:21:52.140 [main] DEBUG com.zaxxer.hikari.HikariConfig - validationTimeout................................5000
11:21:52.140 [main] INFO  com.zaxxer.hikari.HikariDataSource - HikariPool-4 - Starting...
11:21:52.143 [main] DEBUG com.zaxxer.hikari.pool.HikariPool - HikariPool-4 - Added connection conn30: url=jdbc:h2:mem:camunda-spring-boot-test user=SA
11:21:52.143 [main] INFO  com.zaxxer.hikari.HikariDataSource - HikariPool-4 - Start completed.
11:21:52.244 [HikariPool-4 housekeeper] DEBUG com.zaxxer.hikari.pool.HikariPool - HikariPool-4 - Pool stats (total=1, active=0, idle=1, waiting=0)
11:21:52.246 [HikariPool-4 connection adder] DEBUG com.zaxxer.hikari.pool.HikariPool - HikariPool-4 - Added connection conn31: url=jdbc:h2:mem:camunda-spring-boot-test user=SA
11:21:52.248 [HikariPool-4 connection adder] DEBUG com.zaxxer.hikari.pool.HikariPool - HikariPool-4 - Added connection conn32: url=jdbc:h2:mem:camunda-spring-boot-test user=SA
11:21:52.249 [HikariPool-4 connection adder] DEBUG com.zaxxer.hikari.pool.HikariPool - HikariPool-4 - Added connection conn33: url=jdbc:h2:mem:camunda-spring-boot-test user=SA
11:21:52.250 [HikariPool-4 connection adder] DEBUG com.zaxxer.hikari.pool.HikariPool - HikariPool-4 - Added connection conn34: url=jdbc:h2:mem:camunda-spring-boot-test user=SA
11:21:52.251 [HikariPool-4 connection adder] DEBUG com.zaxxer.hikari.pool.HikariPool - HikariPool-4 - Added connection conn35: url=jdbc:h2:mem:camunda-spring-boot-test user=SA
11:21:52.252 [HikariPool-4 connection adder] DEBUG com.zaxxer.hikari.pool.HikariPool - HikariPool-4 - Added connection conn36: url=jdbc:h2:mem:camunda-spring-boot-test user=SA
11:21:52.252 [HikariPool-4 connection adder] DEBUG com.zaxxer.hikari.pool.HikariPool - HikariPool-4 - Added connection conn37: url=jdbc:h2:mem:camunda-spring-boot-test user=SA
11:21:52.253 [HikariPool-4 connection adder] DEBUG com.zaxxer.hikari.pool.HikariPool - HikariPool-4 - Added connection conn38: url=jdbc:h2:mem:camunda-spring-boot-test user=SA
11:21:52.253 [HikariPool-4 connection adder] DEBUG com.zaxxer.hikari.pool.HikariPool - HikariPool-4 - Added connection conn39: url=jdbc:h2:mem:camunda-spring-boot-test user=SA
11:21:52.254 [HikariPool-4 connection adder] DEBUG com.zaxxer.hikari.pool.HikariPool - HikariPool-4 - After adding stats (total=10, active=0, idle=10, waiting=0)
11:21:54.280 [main] INFO  org.camunda.bpm.engine.persistence - ENGINE-03016 Performing database operation &apos;create&apos; on component &apos;engine&apos; with resource &apos;org/camunda/bpm/engine/db/create/activiti.h2.create.engine.sql&apos;
11:21:54.301 [main] INFO  org.camunda.bpm.engine.persistence - ENGINE-03016 Performing database operation &apos;create&apos; on component &apos;history&apos; with resource &apos;org/camunda/bpm/engine/db/create/activiti.h2.create.history.sql&apos;
11:21:54.311 [main] INFO  org.camunda.bpm.engine.persistence - ENGINE-03016 Performing database operation &apos;create&apos; on component &apos;identity&apos; with resource &apos;org/camunda/bpm/engine/db/create/activiti.h2.create.identity.sql&apos;
11:21:54.326 [main] INFO  org.camunda.bpm.engine.persistence - ENGINE-03016 Performing database operation &apos;create&apos; on component &apos;case.engine&apos; with resource &apos;org/camunda/bpm/engine/db/create/activiti.h2.create.case.engine.sql&apos;
11:21:54.331 [main] INFO  org.camunda.bpm.engine.persistence - ENGINE-03016 Performing database operation &apos;create&apos; on component &apos;case.history&apos; with resource &apos;org/camunda/bpm/engine/db/create/activiti.h2.create.case.history.sql&apos;
11:21:54.338 [main] INFO  org.camunda.bpm.engine.persistence - ENGINE-03016 Performing database operation &apos;create&apos; on component &apos;decision.engine&apos; with resource &apos;org/camunda/bpm/engine/db/create/activiti.h2.create.decision.engine.sql&apos;
11:21:54.345 [main] INFO  org.camunda.bpm.engine.persistence - ENGINE-03016 Performing database operation &apos;create&apos; on component &apos;decision.history&apos; with resource &apos;org/camunda/bpm/engine/db/create/activiti.h2.create.decision.history.sql&apos;
11:21:54.347 [main] INFO  org.camunda.bpm.engine.persistence - ENGINE-03067 No history level property found in database
11:21:54.347 [main] INFO  org.camunda.bpm.engine.persistence - ENGINE-03065 Creating historyLevel property in database for level: HistoryLevelFull(name=full, id=3)
11:21:54.365 [main] INFO  org.camunda.bpm.engine - ENGINE-00001 Process Engine default created.
11:21:54.481 [main] INFO  o.c.b.s.b.s.r.CamundaJerseyResourceConfig - Configuring camunda rest api.
11:21:54.482 [main] INFO  o.c.b.s.b.s.r.CamundaJerseyResourceConfig - Finished configuring camunda rest api.
11:21:54.485 [main] WARN  o.s.c.a.AnnotationConfigApplicationContext - Exception encountered during context initialization - cancelling refresh attempt: org.springframework.beans.factory.UnsatisfiedDependencyException: Error creating bean with name &apos;camundaBpmRestInitializer&apos; defined in class path resource [org/camunda/bpm/spring/boot/starter/rest/CamundaBpmRestJerseyAutoConfiguration.class]: Unsatisfied dependency expressed through method &apos;camundaBpmRestInitializer&apos; parameter 0; nested exception is org.springframework.beans.factory.NoSuchBeanDefinitionException: No qualifying bean of type &apos;org.springframework.boot.autoconfigure.web.servlet.JerseyApplicationPath&apos; available: expected at least 1 bean which qualifies as autowire candidate. Dependency annotations: {}
11:21:54.498 [main] INFO  org.camunda.bpm.engine - ENGINE-00007 Process Engine default closed
11:21:54.498 [main] INFO  com.zaxxer.hikari.HikariDataSource - HikariPool-4 - Shutdown initiated...
11:21:54.499 [main] DEBUG com.zaxxer.hikari.pool.HikariPool - HikariPool-4 - Before shutdown stats (total=10, active=0, idle=10, waiting=0)
11:21:54.500 [HikariPool-4 connection closer] DEBUG com.zaxxer.hikari.pool.PoolBase - HikariPool-4 - Closing connection conn30: url=jdbc:h2:mem:camunda-spring-boot-test user=SA: (connection evicted)
11:21:54.501 [HikariPool-4 connection closer] DEBUG com.zaxxer.hikari.pool.PoolBase - HikariPool-4 - Closing connection conn31: url=jdbc:h2:mem:camunda-spring-boot-test user=SA: (connection evicted)
11:21:54.501 [HikariPool-4 connection closer] DEBUG com.zaxxer.hikari.pool.PoolBase - HikariPool-4 - Closing connection conn32: url=jdbc:h2:mem:camunda-spring-boot-test user=SA: (connection evicted)
11:21:54.502 [HikariPool-4 connection closer] DEBUG com.zaxxer.hikari.pool.PoolBase - HikariPool-4 - Closing connection conn33: url=jdbc:h2:mem:camunda-spring-boot-test user=SA: (connection evicted)
11:21:54.502 [HikariPool-4 connection closer] DEBUG com.zaxxer.hikari.pool.PoolBase - HikariPool-4 - Closing connection conn34: url=jdbc:h2:mem:camunda-spring-boot-test user=SA: (connection evicted)
11:21:54.502 [HikariPool-4 connection closer] DEBUG com.zaxxer.hikari.pool.PoolBase - HikariPool-4 - Closing connection conn35: url=jdbc:h2:mem:camunda-spring-boot-test user=SA: (connection evicted)
11:21:54.503 [HikariPool-4 connection closer] DEBUG com.zaxxer.hikari.pool.PoolBase - HikariPool-4 - Closing connection conn36: url=jdbc:h2:mem:camunda-spring-boot-test user=SA: (connection evicted)
11:21:54.503 [HikariPool-4 connection closer] DEBUG com.zaxxer.hikari.pool.PoolBase - HikariPool-4 - Closing connection conn37: url=jdbc:h2:mem:camunda-spring-boot-test user=SA: (connection evicted)
11:21:54.504 [HikariPool-4 connection closer] DEBUG com.zaxxer.hikari.pool.PoolBase - HikariPool-4 - Closing connection conn38: url=jdbc:h2:mem:camunda-spring-boot-test user=SA: (connection evicted)
11:21:54.504 [HikariPool-4 connection closer] DEBUG com.zaxxer.hikari.pool.PoolBase - HikariPool-4 - Closing connection conn39: url=jdbc:h2:mem:camunda-spring-boot-test user=SA: (connection evicted)
11:21:54.506 [main] DEBUG com.zaxxer.hikari.pool.HikariPool - HikariPool-4 - After shutdown stats (total=0, active=0, idle=0, waiting=0)
11:21:54.506 [main] INFO  com.zaxxer.hikari.HikariDataSource - HikariPool-4 - Shutdown completed.
11:21:54.509 [main] INFO  o.s.b.a.l.ConditionEvaluationReportLoggingListener - 

Error starting ApplicationContext. To display the conditions report re-run your application with &apos;debug&apos; enabled.
11:21:54.511 [main] ERROR o.s.b.d.LoggingFailureAnalysisReporter - 

***************************
APPLICATION FAILED TO START
***************************

Description:

Parameter 0 of method camundaBpmRestInitializer in org.camunda.bpm.spring.boot.starter.rest.CamundaBpmRestJerseyAutoConfiguration required a bean of type &apos;org.springframework.boot.autoconfigure.web.servlet.JerseyApplicationPath&apos; that could not be found.


Action:

Consider defining a bean of type &apos;org.springframework.boot.autoconfigure.web.servlet.JerseyApplicationPath&apos; in your configuration.

11:21:54.512 [main] ERROR o.s.test.context.TestContextManager - Caught exception while allowing TestExecutionListener [org.springframework.boot.test.autoconfigure.SpringBootDependencyInjectionTestExecutionListener@47bfde21] to prepare test instance [ch.lush.m254lb2spring.ProcessTest@26a004ed]
java.lang.IllegalStateException: Failed to load ApplicationContext
	at org.springframework.test.context.cache.DefaultCacheAwareContextLoaderDelegate.loadContext(DefaultCacheAwareContextLoaderDelegate.java:132)
	at org.springframework.test.context.support.DefaultTestContext.getApplicationContext(DefaultTestContext.java:124)
	at org.springframework.test.context.support.DependencyInjectionTestExecutionListener.injectDependencies(DependencyInjectionTestExecutionListener.java:118)
	at org.springframework.test.context.support.DependencyInjectionTestExecutionListener.prepareTestInstance(DependencyInjectionTestExecutionListener.java:83)
	at org.springframework.boot.test.autoconfigure.SpringBootDependencyInjectionTestExecutionListener.prepareTestInstance(SpringBootDependencyInjectionTestExecutionListener.java:43)
	at org.springframework.test.context.TestContextManager.prepareTestInstance(TestContextManager.java:244)
	at org.springframework.test.context.junit4.SpringJUnit4ClassRunner.createTest(SpringJUnit4ClassRunner.java:227)
	at org.springframework.test.context.junit4.SpringJUnit4ClassRunner$1.runReflectiveCall(SpringJUnit4ClassRunner.java:289)
	at org.junit.internal.runners.model.ReflectiveCallable.run(ReflectiveCallable.java:12)
	at org.springframework.test.context.junit4.SpringJUnit4ClassRunner.methodBlock(SpringJUnit4ClassRunner.java:291)
	at org.springframework.test.context.junit4.SpringJUnit4ClassRunner.runChild(SpringJUnit4ClassRunner.java:246)
	at org.springframework.test.context.junit4.SpringJUnit4ClassRunner.runChild(SpringJUnit4ClassRunner.java:97)
	at org.junit.runners.ParentRunner$4.run(ParentRunner.java:331)
	at org.junit.runners.ParentRunner$1.schedule(ParentRunner.java:79)
	at org.junit.runners.ParentRunner.runChildren(ParentRunner.java:329)
	at org.junit.runners.ParentRunner.access$100(ParentRunner.java:66)
	at org.junit.runners.ParentRunner$2.evaluate(ParentRunner.java:293)
	at org.springframework.test.context.junit4.statements.RunBeforeTestClassCallbacks.evaluate(RunBeforeTestClassCallbacks.java:61)
	at org.springframework.test.context.junit4.statements.RunAfterTestClassCallbacks.evaluate(RunAfterTestClassCallbacks.java:70)
	at org.junit.runners.ParentRunner$3.evaluate(ParentRunner.java:306)
	at org.junit.runners.ParentRunner.run(ParentRunner.java:413)
	at org.springframework.test.context.junit4.SpringJUnit4ClassRunner.run(SpringJUnit4ClassRunner.java:190)
	at org.apache.maven.surefire.junit4.JUnit4Provider.execute(JUnit4Provider.java:252)
	at org.apache.maven.surefire.junit4.JUnit4Provider.executeTestSet(JUnit4Provider.java:141)
	at org.apache.maven.surefire.junit4.JUnit4Provider.invoke(JUnit4Provider.java:112)
	at java.base/jdk.internal.reflect.NativeMethodAccessorImpl.invoke0(Native Method)
	at java.base/jdk.internal.reflect.NativeMethodAccessorImpl.invoke(NativeMethodAccessorImpl.java:62)
	at java.base/jdk.internal.reflect.DelegatingMethodAccessorImpl.invoke(DelegatingMethodAccessorImpl.java:43)
	at java.base/java.lang.reflect.Method.invoke(Method.java:566)
	at org.apache.maven.surefire.util.ReflectionUtils.invokeMethodWithArray(ReflectionUtils.java:189)
	at org.apache.maven.surefire.booter.ProviderFactory$ProviderProxy.invoke(ProviderFactory.java:165)
	at org.apache.maven.surefire.booter.ProviderFactory.invokeProvider(ProviderFactory.java:85)
	at org.apache.maven.surefire.booter.ForkedBooter.runSuitesInProcess(ForkedBooter.java:115)
	at org.apache.maven.surefire.booter.ForkedBooter.main(ForkedBooter.java:75)
Caused by: org.springframework.beans.factory.UnsatisfiedDependencyException: Error creating bean with name &apos;camundaBpmRestInitializer&apos; defined in class path resource [org/camunda/bpm/spring/boot/starter/rest/CamundaBpmRestJerseyAutoConfiguration.class]: Unsatisfied dependency expressed through method &apos;camundaBpmRestInitializer&apos; parameter 0; nested exception is org.springframework.beans.factory.NoSuchBeanDefinitionException: No qualifying bean of type &apos;org.springframework.boot.autoconfigure.web.servlet.JerseyApplicationPath&apos; available: expected at least 1 bean which qualifies as autowire candidate. Dependency annotations: {}
	at org.springframework.beans.factory.support.ConstructorResolver.createArgumentArray(ConstructorResolver.java:800)
	at org.springframework.beans.factory.support.ConstructorResolver.instantiateUsingFactoryMethod(ConstructorResolver.java:541)
	at org.springframework.beans.factory.support.AbstractAutowireCapableBeanFactory.instantiateUsingFactoryMethod(AbstractAutowireCapableBeanFactory.java:1334)
	at org.springframework.beans.factory.support.AbstractAutowireCapableBeanFactory.createBeanInstance(AbstractAutowireCapableBeanFactory.java:1177)
	at org.springframework.beans.factory.support.AbstractAutowireCapableBeanFactory.doCreateBean(AbstractAutowireCapableBeanFactory.java:564)
	at org.springframework.beans.factory.support.AbstractAutowireCapableBeanFactory.createBean(AbstractAutowireCapableBeanFactory.java:524)
	at org.springframework.beans.factory.support.AbstractBeanFactory.lambda$doGetBean$0(AbstractBeanFactory.java:335)
	at org.springframework.beans.factory.support.DefaultSingletonBeanRegistry.getSingleton(DefaultSingletonBeanRegistry.java:234)
	at org.springframework.beans.factory.support.AbstractBeanFactory.doGetBean(AbstractBeanFactory.java:333)
	at org.springframework.beans.factory.support.AbstractBeanFactory.getBean(AbstractBeanFactory.java:208)
	at org.springframework.beans.factory.support.DefaultListableBeanFactory.preInstantiateSingletons(DefaultListableBeanFactory.java:944)
	at org.springframework.context.support.AbstractApplicationContext.finishBeanFactoryInitialization(AbstractApplicationContext.java:918)
	at org.springframework.context.support.AbstractApplicationContext.refresh(AbstractApplicationContext.java:583)
	at org.springframework.boot.SpringApplication.refresh(SpringApplication.java:754)
	at org.springframework.boot.SpringApplication.refreshContext(SpringApplication.java:434)
	at org.springframework.boot.SpringApplication.run(SpringApplication.java:338)
	at org.springframework.boot.test.context.SpringBootContextLoader.loadContext(SpringBootContextLoader.java:123)
	at org.springframework.test.context.cache.DefaultCacheAwareContextLoaderDelegate.loadContextInternal(DefaultCacheAwareContextLoaderDelegate.java:99)
	at org.springframework.test.context.cache.DefaultCacheAwareContextLoaderDelegate.loadContext(DefaultCacheAwareContextLoaderDelegate.java:124)
	... 33 common frames omitted
Caused by: org.springframework.beans.factory.NoSuchBeanDefinitionException: No qualifying bean of type &apos;org.springframework.boot.autoconfigure.web.servlet.JerseyApplicationPath&apos; available: expected at least 1 bean which qualifies as autowire candidate. Dependency annotations: {}
	at org.springframework.beans.factory.support.DefaultListableBeanFactory.raiseNoMatchingBeanFound(DefaultListableBeanFactory.java:1790)
	at org.springframework.beans.factory.support.DefaultListableBeanFactory.doResolveDependency(DefaultListableBeanFactory.java:1346)
	at org.springframework.beans.factory.support.DefaultListableBeanFactory.resolveDependency(DefaultListableBeanFactory.java:1300)
	at org.springframework.beans.factory.support.ConstructorResolver.resolveAutowiredArgument(ConstructorResolver.java:887)
	at org.springframework.beans.factory.support.ConstructorResolver.createArgumentArray(ConstructorResolver.java:791)
	... 51 common frames omitted
</system-out>
  </testcase>
</testsuite>