<?xml version="1.0" encoding="UTF-8" ?>
<testsuite tests="1" failures="0" name="ch.lush.m254lb2spring.ProcessScenarioTest" time="0.013" errors="1" skipped="0">
  <properties>
[...]
</properties>
  <testcase classname="ch.lush.m254lb2spring.ProcessScenarioTest" name="testHappyPath" time="0.013">
    <error message="Failed to load ApplicationContext" type="java.lang.IllegalStateException">java.lang.IllegalStateException: Failed to load ApplicationContext
	at org.springframework.test.context.cache.DefaultCacheAwareContextLoaderDelegate.loadContext(DefaultCacheAwareContextLoaderDelegate.java:132)
	at org.springframework.test.context.support.DefaultTestContext.getApplicationContext(DefaultTestContext.java:124)
	at org.springframework.test.context.support.DependencyInjectionTestExecutionListener.injectDependencies(DependencyInjectionTestExecutionListener.java:118)
	at org.springframework.test.context.support.DependencyInjectionTestExecutionListener.prepareTestInstance(DependencyInjectionTestExecutionListener.java:83)
	at org.springframework.boot.test.autoconfigure.SpringBootDependencyInjectionTestExecutionListener.prepareTestInstance(SpringBootDependencyInjectionTestExecutionListener.java:43)
	at org.springframework.test.context.TestContextManager.prepareTestInstance(TestContextManager.java:244)
	at org.springframework.test.context.junit4.SpringJUnit4ClassRunner.createTest(SpringJUnit4ClassRunner.java:227)
	at org.springframework.test.context.junit4.SpringJUnit4ClassRunner$1.runReflectiveCall(SpringJUnit4ClassRunner.java:289)
	at org.junit.internal.runners.model.ReflectiveCallable.run(ReflectiveCallable.java:12)
	at org.springframework.test.context.junit4.SpringJUnit4ClassRunner.methodBlock(SpringJUnit4ClassRunner.java:291)
	at org.springframework.test.context.junit4.SpringJUnit4ClassRunner.runChild(SpringJUnit4ClassRunner.java:246)
	at org.springframework.test.context.junit4.SpringJUnit4ClassRunner.runChild(SpringJUnit4ClassRunner.java:97)
	at org.junit.runners.ParentRunner$4.run(ParentRunner.java:331)
	at org.junit.runners.ParentRunner$1.schedule(ParentRunner.java:79)
	at org.junit.runners.ParentRunner.runChildren(ParentRunner.java:329)
	at org.junit.runners.ParentRunner.access$100(ParentRunner.java:66)
	at org.junit.runners.ParentRunner$2.evaluate(ParentRunner.java:293)
	at org.springframework.test.context.junit4.statements.RunBeforeTestClassCallbacks.evaluate(RunBeforeTestClassCallbacks.java:61)
	at org.springframework.test.context.junit4.statements.RunAfterTestClassCallbacks.evaluate(RunAfterTestClassCallbacks.java:70)
	at org.junit.runners.ParentRunner$3.evaluate(ParentRunner.java:306)
	at org.junit.runners.ParentRunner.run(ParentRunner.java:413)
	at org.springframework.test.context.junit4.SpringJUnit4ClassRunner.run(SpringJUnit4ClassRunner.java:190)
	at org.apache.maven.surefire.junit4.JUnit4Provider.execute(JUnit4Provider.java:252)
	at org.apache.maven.surefire.junit4.JUnit4Provider.executeTestSet(JUnit4Provider.java:141)
	at org.apache.maven.surefire.junit4.JUnit4Provider.invoke(JUnit4Provider.java:112)
	at java.base/jdk.internal.reflect.NativeMethodAccessorImpl.invoke0(Native Method)
	at java.base/jdk.internal.reflect.NativeMethodAccessorImpl.invoke(NativeMethodAccessorImpl.java:62)
	at java.base/jdk.internal.reflect.DelegatingMethodAccessorImpl.invoke(DelegatingMethodAccessorImpl.java:43)
	at java.base/java.lang.reflect.Method.invoke(Method.java:566)
	at org.apache.maven.surefire.util.ReflectionUtils.invokeMethodWithArray(ReflectionUtils.java:189)
	at org.apache.maven.surefire.booter.ProviderFactory$ProviderProxy.invoke(ProviderFactory.java:165)
	at org.apache.maven.surefire.booter.ProviderFactory.invokeProvider(ProviderFactory.java:85)
	at org.apache.maven.surefire.booter.ForkedBooter.runSuitesInProcess(ForkedBooter.java:115)
	at org.apache.maven.surefire.booter.ForkedBooter.main(ForkedBooter.java:75)
Caused by: org.springframework.beans.factory.UnsatisfiedDependencyException: Error creating bean with name &apos;camundaBpmRestInitializer&apos; defined in class path resource [org/camunda/bpm/spring/boot/starter/rest/CamundaBpmRestJerseyAutoConfiguration.class]: Unsatisfied dependency expressed through method &apos;camundaBpmRestInitializer&apos; parameter 0; nested exception is org.springframework.beans.factory.NoSuchBeanDefinitionException: No qualifying bean of type &apos;org.springframework.boot.autoconfigure.web.servlet.JerseyApplicationPath&apos; available: expected at least 1 bean which qualifies as autowire candidate. Dependency annotations: {}
	at org.springframework.beans.factory.support.ConstructorResolver.createArgumentArray(ConstructorResolver.java:800)
	at org.springframework.beans.factory.support.ConstructorResolver.instantiateUsingFactoryMethod(ConstructorResolver.java:541)
	at org.springframework.beans.factory.support.AbstractAutowireCapableBeanFactory.instantiateUsingFactoryMethod(AbstractAutowireCapableBeanFactory.java:1334)
	at org.springframework.beans.factory.support.AbstractAutowireCapableBeanFactory.createBeanInstance(AbstractAutowireCapableBeanFactory.java:1177)
	at org.springframework.beans.factory.support.AbstractAutowireCapableBeanFactory.doCreateBean(AbstractAutowireCapableBeanFactory.java:564)
	at org.springframework.beans.factory.support.AbstractAutowireCapableBeanFactory.createBean(AbstractAutowireCapableBeanFactory.java:524)
	at org.springframework.beans.factory.support.AbstractBeanFactory.lambda$doGetBean$0(AbstractBeanFactory.java:335)
	at org.springframework.beans.factory.support.DefaultSingletonBeanRegistry.getSingleton(DefaultSingletonBeanRegistry.java:234)
	at org.springframework.beans.factory.support.AbstractBeanFactory.doGetBean(AbstractBeanFactory.java:333)
	at org.springframework.beans.factory.support.AbstractBeanFactory.getBean(AbstractBeanFactory.java:208)
	at org.springframework.beans.factory.support.DefaultListableBeanFactory.preInstantiateSingletons(DefaultListableBeanFactory.java:944)
	at org.springframework.context.support.AbstractApplicationContext.finishBeanFactoryInitialization(AbstractApplicationContext.java:918)
	at org.springframework.context.support.AbstractApplicationContext.refresh(AbstractApplicationContext.java:583)
	at org.springframework.boot.SpringApplication.refresh(SpringApplication.java:754)
	at org.springframework.boot.SpringApplication.refreshContext(SpringApplication.java:434)
	at org.springframework.boot.SpringApplication.run(SpringApplication.java:338)
	at org.springframework.boot.test.context.SpringBootContextLoader.loadContext(SpringBootContextLoader.java:123)
	at org.springframework.test.context.cache.DefaultCacheAwareContextLoaderDelegate.loadContextInternal(DefaultCacheAwareContextLoaderDelegate.java:99)
	at org.springframework.test.context.cache.DefaultCacheAwareContextLoaderDelegate.loadContext(DefaultCacheAwareContextLoaderDelegate.java:124)
	... 33 more
Caused by: org.springframework.beans.factory.NoSuchBeanDefinitionException: No qualifying bean of type &apos;org.springframework.boot.autoconfigure.web.servlet.JerseyApplicationPath&apos; available: expected at least 1 bean which qualifies as autowire candidate. Dependency annotations: {}
	at org.springframework.beans.factory.support.DefaultListableBeanFactory.raiseNoMatchingBeanFound(DefaultListableBeanFactory.java:1790)
	at org.springframework.beans.factory.support.DefaultListableBeanFactory.doResolveDependency(DefaultListableBeanFactory.java:1346)
	at org.springframework.beans.factory.support.DefaultListableBeanFactory.resolveDependency(DefaultListableBeanFactory.java:1300)
	at org.springframework.beans.factory.support.ConstructorResolver.resolveAutowiredArgument(ConstructorResolver.java:887)
	at org.springframework.beans.factory.support.ConstructorResolver.createArgumentArray(ConstructorResolver.java:791)
	... 51 more
</error>
    <system-out>11:21:36.812 [main] INFO  o.s.b.t.c.SpringBootTestContextBootstrapper - Neither @ContextConfiguration nor @ContextHierarchy found for test class [ch.lush.m254lb2spring.ProcessScenarioTest], using SpringBootContextLoader
11:21:36.822 [main] INFO  o.s.t.c.s.AbstractContextLoader - Could not detect default resource locations for test class [ch.lush.m254lb2spring.ProcessScenarioTest]: no resource found for suffixes {-context.xml, Context.groovy}.
11:21:36.825 [main] INFO  o.s.t.c.s.AnnotationConfigContextLoaderUtils - Could not detect default configuration classes for test class [ch.lush.m254lb2spring.ProcessScenarioTest]: ProcessScenarioTest does not declare any static, non-private, non-final, nested classes annotated with @Configuration.
11:21:37.013 [main] INFO  o.s.b.t.c.SpringBootTestContextBootstrapper - Found @SpringBootConfiguration ch.lush.m254lb2spring.CamundaApplication for test class ch.lush.m254lb2spring.ProcessScenarioTest
11:21:37.163 [main] INFO  o.s.b.t.c.SpringBootTestContextBootstrapper - Loaded default TestExecutionListener class names from location [META-INF/spring.factories]: [org.springframework.boot.test.mock.mockito.MockitoTestExecutionListener, org.springframework.boot.test.mock.mockito.ResetMocksTestExecutionListener, org.springframework.boot.test.autoconfigure.restdocs.RestDocsTestExecutionListener, org.springframework.boot.test.autoconfigure.web.client.MockRestServiceServerResetTestExecutionListener, org.springframework.boot.test.autoconfigure.web.servlet.MockMvcPrintOnlyOnFailureTestExecutionListener, org.springframework.boot.test.autoconfigure.web.servlet.WebDriverTestExecutionListener, org.springframework.boot.test.autoconfigure.webservices.client.MockWebServiceServerTestExecutionListener, org.springframework.test.context.web.ServletTestExecutionListener, org.springframework.test.context.support.DirtiesContextBeforeModesTestExecutionListener, org.springframework.test.context.event.ApplicationEventsTestExecutionListener, org.springframework.test.context.support.DependencyInjectionTestExecutionListener, org.springframework.test.context.support.DirtiesContextTestExecutionListener, org.springframework.test.context.transaction.TransactionalTestExecutionListener, org.springframework.test.context.jdbc.SqlScriptsTestExecutionListener, org.springframework.test.context.event.EventPublishingTestExecutionListener]
11:21:37.194 [main] INFO  o.s.b.t.c.SpringBootTestContextBootstrapper - Using TestExecutionListeners: [org.springframework.test.context.web.ServletTestExecutionListener@fb9c7aa, org.springframework.test.context.support.DirtiesContextBeforeModesTestExecutionListener@4c398c80, org.springframework.test.context.event.ApplicationEventsTestExecutionListener@7fc6de5b, org.springframework.boot.test.mock.mockito.MockitoTestExecutionListener@21baa903, org.springframework.boot.test.autoconfigure.SpringBootDependencyInjectionTestExecutionListener@607fbe09, org.springframework.test.context.support.DirtiesContextTestExecutionListener@60a2630a, org.springframework.test.context.transaction.TransactionalTestExecutionListener@29df4d43, org.springframework.test.context.jdbc.SqlScriptsTestExecutionListener@5dd91bca, org.springframework.test.context.event.EventPublishingTestExecutionListener@40cb698e, org.springframework.boot.test.mock.mockito.ResetMocksTestExecutionListener@3382f8ae, org.springframework.boot.test.autoconfigure.restdocs.RestDocsTestExecutionListener@60641ec8, org.springframework.boot.test.autoconfigure.web.client.MockRestServiceServerResetTestExecutionListener@75f65e45, org.springframework.boot.test.autoconfigure.web.servlet.MockMvcPrintOnlyOnFailureTestExecutionListener@6eeade6c, org.springframework.boot.test.autoconfigure.web.servlet.WebDriverTestExecutionListener@4a891c97, org.springframework.boot.test.autoconfigure.webservices.client.MockWebServiceServerTestExecutionListener@a5bd950]

 ____                                 _         ____  _       _    __                      
/ ___| __ _ _ __ ___  _   _ _ __   __| | __ _  |  _ \| | __ _| |_ / _| ___  _ __ _ __ ___  
| |   / _` | &apos;_ ` _ \| | | | &apos;_ \ / _` |/ _` | | |_) | |/ _` | __| |_ / _ \| &apos;__| &apos;_ ` _ \ 
| |__| (_| | | | | | | |_| | | | | (_| | (_| | |  __/| | (_| | |_|  _| (_) | |  | | | | | |
\____/\__,_|_| |_| |_|\__,_|_| |_|\__,_|\__,_| |_|   |_|\__,_|\__|_|  \___/|_|  |_| |_| |_|

  Spring-Boot:  (v2.5.4)
  Camunda Platform: (v7.16.0)
  Camunda Platform Spring Boot Starter: (v7.16.0)

11:21:38.258 [main] INFO  c.l.m.ProcessScenarioTest - Starting ProcessScenarioTest using Java 11.0.13 on NBPLGU02 with PID 20664 (started by LGU in C:\projects\tbz\m254-lb2-spring)
11:21:38.256 [background-preinit] DEBUG org.jboss.logging - Logging Provider: org.jboss.logging.Log4j2LoggerProvider
11:21:38.258 [main] DEBUG c.l.m.ProcessScenarioTest - Running with Spring Boot v2.5.4, Spring v5.3.9
11:21:38.259 [background-preinit] INFO  o.h.validator.internal.util.Version - HV000001: Hibernate Validator 6.2.0.Final
11:21:38.262 [main] INFO  c.l.m.ProcessScenarioTest - No active profile set, falling back to default profiles: default
11:21:38.272 [background-preinit] DEBUG o.h.v.i.x.config.ValidationXmlParser - Trying to load META-INF/validation.xml for XML based Validator configuration.
11:21:38.273 [background-preinit] DEBUG o.h.v.i.x.c.ResourceLoaderHelper - Trying to load META-INF/validation.xml via TCCL
11:21:38.274 [background-preinit] DEBUG o.h.v.i.x.c.ResourceLoaderHelper - Trying to load META-INF/validation.xml via Hibernate Validator&apos;s class loader
11:21:38.274 [background-preinit] DEBUG o.h.v.i.x.config.ValidationXmlParser - No META-INF/validation.xml found. Using annotation based configuration only.
11:21:38.280 [background-preinit] DEBUG o.h.v.i.e.r.TraversableResolvers - Cannot find javax.persistence.Persistence on classpath. Assuming non JPA 2 environment. All properties will per default be traversable.
11:21:38.322 [background-preinit] DEBUG o.h.v.m.ResourceBundleMessageInterpolator - Loaded expression factory via original TCCL
11:21:38.510 [background-preinit] DEBUG o.h.v.i.e.ValidatorFactoryConfigurationHelper - HV000252: Using org.hibernate.validator.internal.engine.DefaultPropertyNodeNameProvider as property node name provider.
11:21:38.522 [background-preinit] DEBUG o.h.v.i.e.ValidatorFactoryConfigurationHelper - HV000234: Using org.hibernate.validator.messageinterpolation.ResourceBundleMessageInterpolator as ValidatorFactory-scoped message interpolator.
11:21:38.523 [background-preinit] DEBUG o.h.v.i.e.ValidatorFactoryConfigurationHelper - HV000234: Using org.hibernate.validator.internal.engine.resolver.TraverseAllTraversableResolver as ValidatorFactory-scoped traversable resolver.
11:21:38.523 [background-preinit] DEBUG o.h.v.i.e.ValidatorFactoryConfigurationHelper - HV000234: Using org.hibernate.validator.internal.util.ExecutableParameterNameProvider as ValidatorFactory-scoped parameter name provider.
11:21:38.523 [background-preinit] DEBUG o.h.v.i.e.ValidatorFactoryConfigurationHelper - HV000234: Using org.hibernate.validator.internal.engine.DefaultClockProvider as ValidatorFactory-scoped clock provider.
11:21:38.523 [background-preinit] DEBUG o.h.v.i.e.ValidatorFactoryConfigurationHelper - HV000234: Using org.hibernate.validator.internal.engine.scripting.DefaultScriptEvaluatorFactory as ValidatorFactory-scoped script evaluator factory.
11:21:39.721 [main] DEBUG com.zaxxer.hikari.HikariConfig - Driver class org.h2.Driver found in Thread context class loader jdk.internal.loader.ClassLoaders$AppClassLoader@30946e09
11:21:40.022 [main] INFO  org.camunda.bpm.engine.cfg - ENGINE-12003 Plugin &apos;CompositeProcessEnginePlugin[genericPropertiesConfiguration, camundaProcessEngineConfiguration, camundaDatasourceConfiguration, camundaHistoryConfiguration, camundaMetricsConfiguration, camundaAuthorizationConfiguration, failedJobConfiguration, disableDeploymentResourcePattern, eventPublisherPlugin, ApplicationContextClassloaderSwitchPlugin, ConnectProcessEnginePlugin, SpringBootSpinProcessEnginePlugin]&apos; activated on process engine &apos;default&apos;
11:21:40.028 [main] INFO  org.camunda.bpm.spring.boot - STARTER-SB020 ProcessApplication enabled: autoDeployment via springConfiguration#deploymentResourcePattern is disabled
11:21:40.029 [main] INFO  o.c.b.s.b.s.e.EventPublisherPlugin - EVENTING-001: Initialized Camunda Spring Boot Eventing Engine Plugin.
11:21:40.029 [main] INFO  o.c.b.s.b.s.e.EventPublisherPlugin - EVENTING-003: Task events will be published as Spring Events.
11:21:40.029 [main] INFO  o.c.b.s.b.s.e.EventPublisherPlugin - EVENTING-005: Execution events will be published as Spring Events.
11:21:40.031 [main] INFO  o.c.b.s.b.s.e.EventPublisherPlugin - EVENTING-007: History events will be published as Spring events.
11:21:40.602 [main] INFO  org.camunda.bpm.connect - CNCT-01004 Discovered provider for connector id &apos;http-connector&apos; and class &apos;org.camunda.connect.httpclient.impl.HttpConnectorImpl&apos;: &apos;org.camunda.connect.httpclient.impl.HttpConnectorProviderImpl&apos;
11:21:40.605 [main] INFO  org.camunda.bpm.connect - CNCT-01004 Discovered provider for connector id &apos;soap-http-connector&apos; and class &apos;org.camunda.connect.httpclient.soap.impl.SoapHttpConnectorImpl&apos;: &apos;org.camunda.connect.httpclient.soap.impl.SoapHttpConnectorProviderImpl&apos;
11:21:40.612 [main] INFO  org.camunda.spin - SPIN-01010 Discovered Spin data format provider: org.camunda.spin.impl.json.jackson.format.JacksonJsonDataFormatProvider[name = application/json]
11:21:40.867 [main] INFO  org.camunda.spin - SPIN-01010 Discovered Spin data format provider: org.camunda.spin.impl.xml.dom.format.DomXmlDataFormatProvider[name = application/xml]
11:21:40.878 [main] INFO  org.camunda.spin - SPIN-01009 Discovered Spin data format: org.camunda.spin.impl.xml.dom.format.DomXmlDataFormat[name = application/xml]
11:21:40.878 [main] INFO  org.camunda.spin - SPIN-01009 Discovered Spin data format: org.camunda.spin.impl.json.jackson.format.JacksonJsonDataFormat[name = application/json]
11:21:41.058 [main] INFO  org.camunda.bpm.dmn.feel.scala - FEEL/SCALA-01001 Spin value mapper detected
11:21:41.146 [main] INFO  org.camunda.feel.FeelEngine - Engine created. [value-mapper: CompositeValueMapper(List(org.camunda.feel.impl.JavaValueMapper@4a105556, org.camunda.spin.plugin.impl.feel.integration.SpinValueMapper@3a72e2e8)), function-provider: org.camunda.bpm.dmn.feel.impl.scala.function.CustomFunctionTransformer@4f6fd101, clock: SystemClock, configuration: Configuration(false)]
11:21:41.244 [main] DEBUG com.zaxxer.hikari.HikariConfig - HikariPool-1 - configuration:
11:21:41.248 [main] DEBUG com.zaxxer.hikari.HikariConfig - allowPoolSuspension................................false
11:21:41.248 [main] DEBUG com.zaxxer.hikari.HikariConfig - autoCommit................................true
11:21:41.248 [main] DEBUG com.zaxxer.hikari.HikariConfig - catalog................................none
11:21:41.248 [main] DEBUG com.zaxxer.hikari.HikariConfig - connectionInitSql................................none
11:21:41.248 [main] DEBUG com.zaxxer.hikari.HikariConfig - connectionTestQuery................................none
11:21:41.248 [main] DEBUG com.zaxxer.hikari.HikariConfig - connectionTimeout................................30000
11:21:41.248 [main] DEBUG com.zaxxer.hikari.HikariConfig - dataSource................................none
11:21:41.249 [main] DEBUG com.zaxxer.hikari.HikariConfig - dataSourceClassName................................none
11:21:41.249 [main] DEBUG com.zaxxer.hikari.HikariConfig - dataSourceJNDI................................none
11:21:41.249 [main] DEBUG com.zaxxer.hikari.HikariConfig - dataSourceProperties................................{password=&lt;masked&gt;}
11:21:41.249 [main] DEBUG com.zaxxer.hikari.HikariConfig - driverClassName................................&quot;org.h2.Driver&quot;
11:21:41.250 [main] DEBUG com.zaxxer.hikari.HikariConfig - exceptionOverrideClassName................................none
11:21:41.250 [main] DEBUG com.zaxxer.hikari.HikariConfig - healthCheckProperties................................{}
11:21:41.250 [main] DEBUG com.zaxxer.hikari.HikariConfig - healthCheckRegistry................................none
11:21:41.250 [main] DEBUG com.zaxxer.hikari.HikariConfig - idleTimeout................................600000
11:21:41.250 [main] DEBUG com.zaxxer.hikari.HikariConfig - initializationFailTimeout................................1
11:21:41.251 [main] DEBUG com.zaxxer.hikari.HikariConfig - isolateInternalQueries................................false
11:21:41.251 [main] DEBUG com.zaxxer.hikari.HikariConfig - jdbcUrl................................jdbc:h2:mem:camunda-spring-boot-test;DB_CLOSE_ON_EXIT=false
11:21:41.251 [main] DEBUG com.zaxxer.hikari.HikariConfig - keepaliveTime................................0
11:21:41.251 [main] DEBUG com.zaxxer.hikari.HikariConfig - leakDetectionThreshold................................0
11:21:41.252 [main] DEBUG com.zaxxer.hikari.HikariConfig - maxLifetime................................1800000
11:21:41.252 [main] DEBUG com.zaxxer.hikari.HikariConfig - maximumPoolSize................................10
11:21:41.252 [main] DEBUG com.zaxxer.hikari.HikariConfig - metricRegistry................................none
11:21:41.252 [main] DEBUG com.zaxxer.hikari.HikariConfig - metricsTrackerFactory................................none
11:21:41.252 [main] DEBUG com.zaxxer.hikari.HikariConfig - minimumIdle................................10
11:21:41.253 [main] DEBUG com.zaxxer.hikari.HikariConfig - password................................&lt;masked&gt;
11:21:41.253 [main] DEBUG com.zaxxer.hikari.HikariConfig - poolName................................&quot;HikariPool-1&quot;
11:21:41.253 [main] DEBUG com.zaxxer.hikari.HikariConfig - readOnly................................false
11:21:41.254 [main] DEBUG com.zaxxer.hikari.HikariConfig - registerMbeans................................false
11:21:41.254 [main] DEBUG com.zaxxer.hikari.HikariConfig - scheduledExecutor................................none
11:21:41.254 [main] DEBUG com.zaxxer.hikari.HikariConfig - schema................................none
11:21:41.254 [main] DEBUG com.zaxxer.hikari.HikariConfig - threadFactory................................internal
11:21:41.254 [main] DEBUG com.zaxxer.hikari.HikariConfig - transactionIsolation................................default
11:21:41.254 [main] DEBUG com.zaxxer.hikari.HikariConfig - username................................&quot;sa&quot;
11:21:41.255 [main] DEBUG com.zaxxer.hikari.HikariConfig - validationTimeout................................5000
11:21:41.255 [main] INFO  com.zaxxer.hikari.HikariDataSource - HikariPool-1 - Starting...
11:21:41.639 [main] DEBUG com.zaxxer.hikari.pool.HikariPool - HikariPool-1 - Added connection conn0: url=jdbc:h2:mem:camunda-spring-boot-test user=SA
11:21:41.642 [main] INFO  com.zaxxer.hikari.HikariDataSource - HikariPool-1 - Start completed.
11:21:41.743 [HikariPool-1 housekeeper] DEBUG com.zaxxer.hikari.pool.HikariPool - HikariPool-1 - Pool stats (total=1, active=0, idle=1, waiting=0)
11:21:41.746 [HikariPool-1 connection adder] DEBUG com.zaxxer.hikari.pool.HikariPool - HikariPool-1 - Added connection conn1: url=jdbc:h2:mem:camunda-spring-boot-test user=SA
11:21:41.747 [HikariPool-1 connection adder] DEBUG com.zaxxer.hikari.pool.HikariPool - HikariPool-1 - Added connection conn2: url=jdbc:h2:mem:camunda-spring-boot-test user=SA
11:21:41.748 [HikariPool-1 connection adder] DEBUG com.zaxxer.hikari.pool.HikariPool - HikariPool-1 - Added connection conn3: url=jdbc:h2:mem:camunda-spring-boot-test user=SA
11:21:41.748 [HikariPool-1 connection adder] DEBUG com.zaxxer.hikari.pool.HikariPool - HikariPool-1 - Added connection conn4: url=jdbc:h2:mem:camunda-spring-boot-test user=SA
11:21:41.749 [HikariPool-1 connection adder] DEBUG com.zaxxer.hikari.pool.HikariPool - HikariPool-1 - Added connection conn5: url=jdbc:h2:mem:camunda-spring-boot-test user=SA
11:21:41.750 [HikariPool-1 connection adder] DEBUG com.zaxxer.hikari.pool.HikariPool - HikariPool-1 - Added connection conn6: url=jdbc:h2:mem:camunda-spring-boot-test user=SA
11:21:41.751 [HikariPool-1 connection adder] DEBUG com.zaxxer.hikari.pool.HikariPool - HikariPool-1 - Added connection conn7: url=jdbc:h2:mem:camunda-spring-boot-test user=SA
11:21:41.751 [HikariPool-1 connection adder] DEBUG com.zaxxer.hikari.pool.HikariPool - HikariPool-1 - Added connection conn8: url=jdbc:h2:mem:camunda-spring-boot-test user=SA
11:21:41.752 [HikariPool-1 connection adder] DEBUG com.zaxxer.hikari.pool.HikariPool - HikariPool-1 - Added connection conn9: url=jdbc:h2:mem:camunda-spring-boot-test user=SA
11:21:41.752 [HikariPool-1 connection adder] DEBUG com.zaxxer.hikari.pool.HikariPool - HikariPool-1 - After adding stats (total=10, active=0, idle=10, waiting=0)
11:21:45.138 [main] INFO  org.camunda.bpm.engine.persistence - ENGINE-03016 Performing database operation &apos;create&apos; on component &apos;engine&apos; with resource &apos;org/camunda/bpm/engine/db/create/activiti.h2.create.engine.sql&apos;
11:21:45.235 [main] INFO  org.camunda.bpm.engine.persistence - ENGINE-03016 Performing database operation &apos;create&apos; on component &apos;history&apos; with resource &apos;org/camunda/bpm/engine/db/create/activiti.h2.create.history.sql&apos;
11:21:45.251 [main] INFO  org.camunda.bpm.engine.persistence - ENGINE-03016 Performing database operation &apos;create&apos; on component &apos;identity&apos; with resource &apos;org/camunda/bpm/engine/db/create/activiti.h2.create.identity.sql&apos;
11:21:45.274 [main] INFO  org.camunda.bpm.engine.persistence - ENGINE-03016 Performing database operation &apos;create&apos; on component &apos;case.engine&apos; with resource &apos;org/camunda/bpm/engine/db/create/activiti.h2.create.case.engine.sql&apos;
11:21:45.283 [main] INFO  org.camunda.bpm.engine.persistence - ENGINE-03016 Performing database operation &apos;create&apos; on component &apos;case.history&apos; with resource &apos;org/camunda/bpm/engine/db/create/activiti.h2.create.case.history.sql&apos;
11:21:45.291 [main] INFO  org.camunda.bpm.engine.persistence - ENGINE-03016 Performing database operation &apos;create&apos; on component &apos;decision.engine&apos; with resource &apos;org/camunda/bpm/engine/db/create/activiti.h2.create.decision.engine.sql&apos;
11:21:45.305 [main] INFO  org.camunda.bpm.engine.persistence - ENGINE-03016 Performing database operation &apos;create&apos; on component &apos;decision.history&apos; with resource &apos;org/camunda/bpm/engine/db/create/activiti.h2.create.decision.history.sql&apos;
11:21:45.333 [main] INFO  org.camunda.bpm.engine.persistence - ENGINE-03067 No history level property found in database
11:21:45.333 [main] INFO  org.camunda.bpm.engine.persistence - ENGINE-03065 Creating historyLevel property in database for level: HistoryLevelFull(name=full, id=3)
11:21:45.416 [main] INFO  org.camunda.bpm.engine - ENGINE-00001 Process Engine default created.
11:21:45.722 [main] INFO  o.c.b.s.b.s.r.CamundaJerseyResourceConfig - Configuring camunda rest api.
11:21:45.753 [main] INFO  o.c.b.s.b.s.r.CamundaJerseyResourceConfig - Finished configuring camunda rest api.
11:21:45.760 [main] WARN  o.s.c.a.AnnotationConfigApplicationContext - Exception encountered during context initialization - cancelling refresh attempt: org.springframework.beans.factory.UnsatisfiedDependencyException: Error creating bean with name &apos;camundaBpmRestInitializer&apos; defined in class path resource [org/camunda/bpm/spring/boot/starter/rest/CamundaBpmRestJerseyAutoConfiguration.class]: Unsatisfied dependency expressed through method &apos;camundaBpmRestInitializer&apos; parameter 0; nested exception is org.springframework.beans.factory.NoSuchBeanDefinitionException: No qualifying bean of type &apos;org.springframework.boot.autoconfigure.web.servlet.JerseyApplicationPath&apos; available: expected at least 1 bean which qualifies as autowire candidate. Dependency annotations: {}
11:21:45.783 [main] INFO  org.camunda.bpm.engine - ENGINE-00007 Process Engine default closed
11:21:45.784 [main] INFO  com.zaxxer.hikari.HikariDataSource - HikariPool-1 - Shutdown initiated...
11:21:45.784 [main] DEBUG com.zaxxer.hikari.pool.HikariPool - HikariPool-1 - Before shutdown stats (total=10, active=0, idle=10, waiting=0)
11:21:45.786 [HikariPool-1 connection closer] DEBUG com.zaxxer.hikari.pool.PoolBase - HikariPool-1 - Closing connection conn0: url=jdbc:h2:mem:camunda-spring-boot-test user=SA: (connection evicted)
11:21:45.788 [HikariPool-1 connection closer] DEBUG com.zaxxer.hikari.pool.PoolBase - HikariPool-1 - Closing connection conn1: url=jdbc:h2:mem:camunda-spring-boot-test user=SA: (connection evicted)
11:21:45.788 [HikariPool-1 connection closer] DEBUG com.zaxxer.hikari.pool.PoolBase - HikariPool-1 - Closing connection conn2: url=jdbc:h2:mem:camunda-spring-boot-test user=SA: (connection evicted)
11:21:45.788 [HikariPool-1 connection closer] DEBUG com.zaxxer.hikari.pool.PoolBase - HikariPool-1 - Closing connection conn3: url=jdbc:h2:mem:camunda-spring-boot-test user=SA: (connection evicted)
11:21:45.789 [HikariPool-1 connection closer] DEBUG com.zaxxer.hikari.pool.PoolBase - HikariPool-1 - Closing connection conn4: url=jdbc:h2:mem:camunda-spring-boot-test user=SA: (connection evicted)
11:21:45.789 [HikariPool-1 connection closer] DEBUG com.zaxxer.hikari.pool.PoolBase - HikariPool-1 - Closing connection conn5: url=jdbc:h2:mem:camunda-spring-boot-test user=SA: (connection evicted)
11:21:45.789 [HikariPool-1 connection closer] DEBUG com.zaxxer.hikari.pool.PoolBase - HikariPool-1 - Closing connection conn6: url=jdbc:h2:mem:camunda-spring-boot-test user=SA: (connection evicted)
11:21:45.790 [HikariPool-1 connection closer] DEBUG com.zaxxer.hikari.pool.PoolBase - HikariPool-1 - Closing connection conn7: url=jdbc:h2:mem:camunda-spring-boot-test user=SA: (connection evicted)
11:21:45.790 [HikariPool-1 connection closer] DEBUG com.zaxxer.hikari.pool.PoolBase - HikariPool-1 - Closing connection conn8: url=jdbc:h2:mem:camunda-spring-boot-test user=SA: (connection evicted)
11:21:45.791 [HikariPool-1 connection closer] DEBUG com.zaxxer.hikari.pool.PoolBase - HikariPool-1 - Closing connection conn9: url=jdbc:h2:mem:camunda-spring-boot-test user=SA: (connection evicted)
11:21:45.793 [main] DEBUG com.zaxxer.hikari.pool.HikariPool - HikariPool-1 - After shutdown stats (total=0, active=0, idle=0, waiting=0)
11:21:45.793 [main] INFO  com.zaxxer.hikari.HikariDataSource - HikariPool-1 - Shutdown completed.
11:21:45.810 [main] INFO  o.s.b.a.l.ConditionEvaluationReportLoggingListener - 

Error starting ApplicationContext. To display the conditions report re-run your application with &apos;debug&apos; enabled.
11:21:45.849 [main] ERROR o.s.b.d.LoggingFailureAnalysisReporter - 

***************************
APPLICATION FAILED TO START
***************************

Description:

Parameter 0 of method camundaBpmRestInitializer in org.camunda.bpm.spring.boot.starter.rest.CamundaBpmRestJerseyAutoConfiguration required a bean of type &apos;org.springframework.boot.autoconfigure.web.servlet.JerseyApplicationPath&apos; that could not be found.


Action:

Consider defining a bean of type &apos;org.springframework.boot.autoconfigure.web.servlet.JerseyApplicationPath&apos; in your configuration.


 ____                                 _         ____  _       _    __                      
/ ___| __ _ _ __ ___  _   _ _ __   __| | __ _  |  _ \| | __ _| |_ / _| ___  _ __ _ __ ___  
| |   / _` | &apos;_ ` _ \| | | | &apos;_ \ / _` |/ _` | | |_) | |/ _` | __| |_ / _ \| &apos;__| &apos;_ ` _ \ 
| |__| (_| | | | | | | |_| | | | | (_| | (_| | |  __/| | (_| | |_|  _| (_) | |  | | | | | |
\____/\__,_|_| |_| |_|\__,_|_| |_|\__,_|\__,_| |_|   |_|\__,_|\__|_|  \___/|_|  |_| |_| |_|

  Spring-Boot:  (v2.5.4)
  Camunda Platform: (v7.16.0)
  Camunda Platform Spring Boot Starter: (v7.16.0)

11:21:45.900 [main] INFO  c.l.m.ProcessScenarioTest - Starting ProcessScenarioTest using Java 11.0.13 on NBPLGU02 with PID 20664 (started by LGU in C:\projects\tbz\m254-lb2-spring)
11:21:45.900 [main] DEBUG c.l.m.ProcessScenarioTest - Running with Spring Boot v2.5.4, Spring v5.3.9
11:21:45.901 [main] INFO  c.l.m.ProcessScenarioTest - No active profile set, falling back to default profiles: default
11:21:46.250 [main] DEBUG com.zaxxer.hikari.HikariConfig - Driver class org.h2.Driver found in Thread context class loader jdk.internal.loader.ClassLoaders$AppClassLoader@30946e09
11:21:46.352 [main] INFO  org.camunda.bpm.engine.cfg - ENGINE-12003 Plugin &apos;CompositeProcessEnginePlugin[genericPropertiesConfiguration, camundaProcessEngineConfiguration, camundaDatasourceConfiguration, camundaHistoryConfiguration, camundaMetricsConfiguration, camundaAuthorizationConfiguration, failedJobConfiguration, disableDeploymentResourcePattern, eventPublisherPlugin, ApplicationContextClassloaderSwitchPlugin, ConnectProcessEnginePlugin, SpringBootSpinProcessEnginePlugin]&apos; activated on process engine &apos;default&apos;
11:21:46.352 [main] INFO  org.camunda.bpm.spring.boot - STARTER-SB020 ProcessApplication enabled: autoDeployment via springConfiguration#deploymentResourcePattern is disabled
11:21:46.352 [main] INFO  o.c.b.s.b.s.e.EventPublisherPlugin - EVENTING-001: Initialized Camunda Spring Boot Eventing Engine Plugin.
11:21:46.352 [main] INFO  o.c.b.s.b.s.e.EventPublisherPlugin - EVENTING-003: Task events will be published as Spring Events.
11:21:46.352 [main] INFO  o.c.b.s.b.s.e.EventPublisherPlugin - EVENTING-005: Execution events will be published as Spring Events.
11:21:46.352 [main] INFO  o.c.b.s.b.s.e.EventPublisherPlugin - EVENTING-007: History events will be published as Spring events.
11:21:46.355 [main] INFO  org.camunda.bpm.connect - CNCT-01004 Discovered provider for connector id &apos;http-connector&apos; and class &apos;org.camunda.connect.httpclient.impl.HttpConnectorImpl&apos;: &apos;org.camunda.connect.httpclient.impl.HttpConnectorProviderImpl&apos;
11:21:46.356 [main] INFO  org.camunda.bpm.connect - CNCT-01004 Discovered provider for connector id &apos;soap-http-connector&apos; and class &apos;org.camunda.connect.httpclient.soap.impl.SoapHttpConnectorImpl&apos;: &apos;org.camunda.connect.httpclient.soap.impl.SoapHttpConnectorProviderImpl&apos;
11:21:46.358 [main] INFO  org.camunda.spin - SPIN-01010 Discovered Spin data format provider: org.camunda.spin.impl.json.jackson.format.JacksonJsonDataFormatProvider[name = application/json]
11:21:46.358 [main] INFO  org.camunda.spin - SPIN-01010 Discovered Spin data format provider: org.camunda.spin.impl.xml.dom.format.DomXmlDataFormatProvider[name = application/xml]
11:21:46.360 [main] INFO  org.camunda.spin - SPIN-01009 Discovered Spin data format: org.camunda.spin.impl.xml.dom.format.DomXmlDataFormat[name = application/xml]
11:21:46.360 [main] INFO  org.camunda.spin - SPIN-01009 Discovered Spin data format: org.camunda.spin.impl.json.jackson.format.JacksonJsonDataFormat[name = application/json]
11:21:46.364 [main] INFO  org.camunda.bpm.dmn.feel.scala - FEEL/SCALA-01001 Spin value mapper detected
11:21:46.364 [main] INFO  org.camunda.feel.FeelEngine - Engine created. [value-mapper: CompositeValueMapper(List(org.camunda.feel.impl.JavaValueMapper@7b38db21, org.camunda.spin.plugin.impl.feel.integration.SpinValueMapper@54f4734e)), function-provider: org.camunda.bpm.dmn.feel.impl.scala.function.CustomFunctionTransformer@6a26eee6, clock: SystemClock, configuration: Configuration(false)]
11:21:46.368 [main] DEBUG com.zaxxer.hikari.HikariConfig - HikariPool-2 - configuration:
11:21:46.369 [main] DEBUG com.zaxxer.hikari.HikariConfig - allowPoolSuspension................................false
11:21:46.369 [main] DEBUG com.zaxxer.hikari.HikariConfig - autoCommit................................true
11:21:46.369 [main] DEBUG com.zaxxer.hikari.HikariConfig - catalog................................none
11:21:46.369 [main] DEBUG com.zaxxer.hikari.HikariConfig - connectionInitSql................................none
11:21:46.369 [main] DEBUG com.zaxxer.hikari.HikariConfig - connectionTestQuery................................none
11:21:46.369 [main] DEBUG com.zaxxer.hikari.HikariConfig - connectionTimeout................................30000
11:21:46.370 [main] DEBUG com.zaxxer.hikari.HikariConfig - dataSource................................none
11:21:46.370 [main] DEBUG com.zaxxer.hikari.HikariConfig - dataSourceClassName................................none
11:21:46.370 [main] DEBUG com.zaxxer.hikari.HikariConfig - dataSourceJNDI................................none
11:21:46.370 [main] DEBUG com.zaxxer.hikari.HikariConfig - dataSourceProperties................................{password=&lt;masked&gt;}
11:21:46.370 [main] DEBUG com.zaxxer.hikari.HikariConfig - driverClassName................................&quot;org.h2.Driver&quot;
11:21:46.370 [main] DEBUG com.zaxxer.hikari.HikariConfig - exceptionOverrideClassName................................none
11:21:46.370 [main] DEBUG com.zaxxer.hikari.HikariConfig - healthCheckProperties................................{}
11:21:46.371 [main] DEBUG com.zaxxer.hikari.HikariConfig - healthCheckRegistry................................none
11:21:46.371 [main] DEBUG com.zaxxer.hikari.HikariConfig - idleTimeout................................600000
11:21:46.371 [main] DEBUG com.zaxxer.hikari.HikariConfig - initializationFailTimeout................................1
11:21:46.371 [main] DEBUG com.zaxxer.hikari.HikariConfig - isolateInternalQueries................................false
11:21:46.371 [main] DEBUG com.zaxxer.hikari.HikariConfig - jdbcUrl................................jdbc:h2:mem:camunda-spring-boot-test;DB_CLOSE_ON_EXIT=false
11:21:46.372 [main] DEBUG com.zaxxer.hikari.HikariConfig - keepaliveTime................................0
11:21:46.372 [main] DEBUG com.zaxxer.hikari.HikariConfig - leakDetectionThreshold................................0
11:21:46.372 [main] DEBUG com.zaxxer.hikari.HikariConfig - maxLifetime................................1800000
11:21:46.372 [main] DEBUG com.zaxxer.hikari.HikariConfig - maximumPoolSize................................10
11:21:46.372 [main] DEBUG com.zaxxer.hikari.HikariConfig - metricRegistry................................none
11:21:46.372 [main] DEBUG com.zaxxer.hikari.HikariConfig - metricsTrackerFactory................................none
11:21:46.372 [main] DEBUG com.zaxxer.hikari.HikariConfig - minimumIdle................................10
11:21:46.372 [main] DEBUG com.zaxxer.hikari.HikariConfig - password................................&lt;masked&gt;
11:21:46.373 [main] DEBUG com.zaxxer.hikari.HikariConfig - poolName................................&quot;HikariPool-2&quot;
11:21:46.373 [main] DEBUG com.zaxxer.hikari.HikariConfig - readOnly................................false
11:21:46.373 [main] DEBUG com.zaxxer.hikari.HikariConfig - registerMbeans................................false
11:21:46.373 [main] DEBUG com.zaxxer.hikari.HikariConfig - scheduledExecutor................................none
11:21:46.373 [main] DEBUG com.zaxxer.hikari.HikariConfig - schema................................none
11:21:46.373 [main] DEBUG com.zaxxer.hikari.HikariConfig - threadFactory................................internal
11:21:46.373 [main] DEBUG com.zaxxer.hikari.HikariConfig - transactionIsolation................................default
11:21:46.373 [main] DEBUG com.zaxxer.hikari.HikariConfig - username................................&quot;sa&quot;
11:21:46.373 [main] DEBUG com.zaxxer.hikari.HikariConfig - validationTimeout................................5000
11:21:46.373 [main] INFO  com.zaxxer.hikari.HikariDataSource - HikariPool-2 - Starting...
11:21:46.377 [main] DEBUG com.zaxxer.hikari.pool.HikariPool - HikariPool-2 - Added connection conn10: url=jdbc:h2:mem:camunda-spring-boot-test user=SA
11:21:46.377 [main] INFO  com.zaxxer.hikari.HikariDataSource - HikariPool-2 - Start completed.
11:21:46.478 [HikariPool-2 housekeeper] DEBUG com.zaxxer.hikari.pool.HikariPool - HikariPool-2 - Pool stats (total=1, active=0, idle=1, waiting=0)
11:21:46.482 [HikariPool-2 connection adder] DEBUG com.zaxxer.hikari.pool.HikariPool - HikariPool-2 - Added connection conn11: url=jdbc:h2:mem:camunda-spring-boot-test user=SA
11:21:46.483 [HikariPool-2 connection adder] DEBUG com.zaxxer.hikari.pool.HikariPool - HikariPool-2 - Added connection conn12: url=jdbc:h2:mem:camunda-spring-boot-test user=SA
11:21:46.484 [HikariPool-2 connection adder] DEBUG com.zaxxer.hikari.pool.HikariPool - HikariPool-2 - Added connection conn13: url=jdbc:h2:mem:camunda-spring-boot-test user=SA
11:21:46.484 [HikariPool-2 connection adder] DEBUG com.zaxxer.hikari.pool.HikariPool - HikariPool-2 - Added connection conn14: url=jdbc:h2:mem:camunda-spring-boot-test user=SA
11:21:46.485 [HikariPool-2 connection adder] DEBUG com.zaxxer.hikari.pool.HikariPool - HikariPool-2 - Added connection conn15: url=jdbc:h2:mem:camunda-spring-boot-test user=SA
11:21:46.485 [HikariPool-2 connection adder] DEBUG com.zaxxer.hikari.pool.HikariPool - HikariPool-2 - Added connection conn16: url=jdbc:h2:mem:camunda-spring-boot-test user=SA
11:21:46.486 [HikariPool-2 connection adder] DEBUG com.zaxxer.hikari.pool.HikariPool - HikariPool-2 - Added connection conn17: url=jdbc:h2:mem:camunda-spring-boot-test user=SA
11:21:46.486 [HikariPool-2 connection adder] DEBUG com.zaxxer.hikari.pool.HikariPool - HikariPool-2 - Added connection conn18: url=jdbc:h2:mem:camunda-spring-boot-test user=SA
11:21:46.486 [HikariPool-2 connection adder] DEBUG com.zaxxer.hikari.pool.HikariPool - HikariPool-2 - Added connection conn19: url=jdbc:h2:mem:camunda-spring-boot-test user=SA
11:21:46.487 [HikariPool-2 connection adder] DEBUG com.zaxxer.hikari.pool.HikariPool - HikariPool-2 - After adding stats (total=10, active=0, idle=10, waiting=0)
11:21:48.320 [main] INFO  org.camunda.bpm.engine.persistence - ENGINE-03016 Performing database operation &apos;create&apos; on component &apos;engine&apos; with resource &apos;org/camunda/bpm/engine/db/create/activiti.h2.create.engine.sql&apos;
11:21:48.369 [main] INFO  org.camunda.bpm.engine.persistence - ENGINE-03016 Performing database operation &apos;create&apos; on component &apos;history&apos; with resource &apos;org/camunda/bpm/engine/db/create/activiti.h2.create.history.sql&apos;
11:21:48.386 [main] INFO  org.camunda.bpm.engine.persistence - ENGINE-03016 Performing database operation &apos;create&apos; on component &apos;identity&apos; with resource &apos;org/camunda/bpm/engine/db/create/activiti.h2.create.identity.sql&apos;
11:21:48.406 [main] INFO  org.camunda.bpm.engine.persistence - ENGINE-03016 Performing database operation &apos;create&apos; on component &apos;case.engine&apos; with resource &apos;org/camunda/bpm/engine/db/create/activiti.h2.create.case.engine.sql&apos;
11:21:48.411 [main] INFO  org.camunda.bpm.engine.persistence - ENGINE-03016 Performing database operation &apos;create&apos; on component &apos;case.history&apos; with resource &apos;org/camunda/bpm/engine/db/create/activiti.h2.create.case.history.sql&apos;
11:21:48.417 [main] INFO  org.camunda.bpm.engine.persistence - ENGINE-03016 Performing database operation &apos;create&apos; on component &apos;decision.engine&apos; with resource &apos;org/camunda/bpm/engine/db/create/activiti.h2.create.decision.engine.sql&apos;
11:21:48.430 [main] INFO  org.camunda.bpm.engine.persistence - ENGINE-03016 Performing database operation &apos;create&apos; on component &apos;decision.history&apos; with resource &apos;org/camunda/bpm/engine/db/create/activiti.h2.create.decision.history.sql&apos;
11:21:48.432 [main] INFO  org.camunda.bpm.engine.persistence - ENGINE-03067 No history level property found in database
11:21:48.432 [main] INFO  org.camunda.bpm.engine.persistence - ENGINE-03065 Creating historyLevel property in database for level: HistoryLevelFull(name=full, id=3)
11:21:48.467 [main] INFO  org.camunda.bpm.engine - ENGINE-00001 Process Engine default created.
11:21:48.659 [main] INFO  o.c.b.s.b.s.r.CamundaJerseyResourceConfig - Configuring camunda rest api.
11:21:48.659 [main] INFO  o.c.b.s.b.s.r.CamundaJerseyResourceConfig - Finished configuring camunda rest api.
11:21:48.666 [main] WARN  o.s.c.a.AnnotationConfigApplicationContext - Exception encountered during context initialization - cancelling refresh attempt: org.springframework.beans.factory.UnsatisfiedDependencyException: Error creating bean with name &apos;camundaBpmRestInitializer&apos; defined in class path resource [org/camunda/bpm/spring/boot/starter/rest/CamundaBpmRestJerseyAutoConfiguration.class]: Unsatisfied dependency expressed through method &apos;camundaBpmRestInitializer&apos; parameter 0; nested exception is org.springframework.beans.factory.NoSuchBeanDefinitionException: No qualifying bean of type &apos;org.springframework.boot.autoconfigure.web.servlet.JerseyApplicationPath&apos; available: expected at least 1 bean which qualifies as autowire candidate. Dependency annotations: {}
11:21:48.677 [main] INFO  org.camunda.bpm.engine - ENGINE-00007 Process Engine default closed
11:21:48.678 [main] INFO  com.zaxxer.hikari.HikariDataSource - HikariPool-2 - Shutdown initiated...
11:21:48.678 [main] DEBUG com.zaxxer.hikari.pool.HikariPool - HikariPool-2 - Before shutdown stats (total=10, active=0, idle=10, waiting=0)
11:21:48.679 [HikariPool-2 connection closer] DEBUG com.zaxxer.hikari.pool.PoolBase - HikariPool-2 - Closing connection conn10: url=jdbc:h2:mem:camunda-spring-boot-test user=SA: (connection evicted)
11:21:48.680 [HikariPool-2 connection closer] DEBUG com.zaxxer.hikari.pool.PoolBase - HikariPool-2 - Closing connection conn11: url=jdbc:h2:mem:camunda-spring-boot-test user=SA: (connection evicted)
11:21:48.681 [HikariPool-2 connection closer] DEBUG com.zaxxer.hikari.pool.PoolBase - HikariPool-2 - Closing connection conn12: url=jdbc:h2:mem:camunda-spring-boot-test user=SA: (connection evicted)
11:21:48.681 [HikariPool-2 connection closer] DEBUG com.zaxxer.hikari.pool.PoolBase - HikariPool-2 - Closing connection conn13: url=jdbc:h2:mem:camunda-spring-boot-test user=SA: (connection evicted)
11:21:48.681 [HikariPool-2 connection closer] DEBUG com.zaxxer.hikari.pool.PoolBase - HikariPool-2 - Closing connection conn14: url=jdbc:h2:mem:camunda-spring-boot-test user=SA: (connection evicted)
11:21:48.682 [HikariPool-2 connection closer] DEBUG com.zaxxer.hikari.pool.PoolBase - HikariPool-2 - Closing connection conn15: url=jdbc:h2:mem:camunda-spring-boot-test user=SA: (connection evicted)
11:21:48.682 [HikariPool-2 connection closer] DEBUG com.zaxxer.hikari.pool.PoolBase - HikariPool-2 - Closing connection conn16: url=jdbc:h2:mem:camunda-spring-boot-test user=SA: (connection evicted)
11:21:48.682 [HikariPool-2 connection closer] DEBUG com.zaxxer.hikari.pool.PoolBase - HikariPool-2 - Closing connection conn17: url=jdbc:h2:mem:camunda-spring-boot-test user=SA: (connection evicted)
11:21:48.683 [HikariPool-2 connection closer] DEBUG com.zaxxer.hikari.pool.PoolBase - HikariPool-2 - Closing connection conn18: url=jdbc:h2:mem:camunda-spring-boot-test user=SA: (connection evicted)
11:21:48.683 [HikariPool-2 connection closer] DEBUG com.zaxxer.hikari.pool.PoolBase - HikariPool-2 - Closing connection conn19: url=jdbc:h2:mem:camunda-spring-boot-test user=SA: (connection evicted)
11:21:48.684 [main] DEBUG com.zaxxer.hikari.pool.HikariPool - HikariPool-2 - After shutdown stats (total=0, active=0, idle=0, waiting=0)
11:21:48.684 [main] INFO  com.zaxxer.hikari.HikariDataSource - HikariPool-2 - Shutdown completed.
11:21:48.690 [main] INFO  o.s.b.a.l.ConditionEvaluationReportLoggingListener - 

Error starting ApplicationContext. To display the conditions report re-run your application with &apos;debug&apos; enabled.
11:21:48.692 [main] ERROR o.s.b.d.LoggingFailureAnalysisReporter - 

***************************
APPLICATION FAILED TO START
***************************

Description:

Parameter 0 of method camundaBpmRestInitializer in org.camunda.bpm.spring.boot.starter.rest.CamundaBpmRestJerseyAutoConfiguration required a bean of type &apos;org.springframework.boot.autoconfigure.web.servlet.JerseyApplicationPath&apos; that could not be found.


Action:

Consider defining a bean of type &apos;org.springframework.boot.autoconfigure.web.servlet.JerseyApplicationPath&apos; in your configuration.

11:21:48.697 [main] ERROR o.s.test.context.TestContextManager - Caught exception while allowing TestExecutionListener [org.springframework.boot.test.autoconfigure.SpringBootDependencyInjectionTestExecutionListener@607fbe09] to prepare test instance [ch.lush.m254lb2spring.ProcessScenarioTest@4c438f66]
java.lang.IllegalStateException: Failed to load ApplicationContext
	at org.springframework.test.context.cache.DefaultCacheAwareContextLoaderDelegate.loadContext(DefaultCacheAwareContextLoaderDelegate.java:132)
	at org.springframework.test.context.support.DefaultTestContext.getApplicationContext(DefaultTestContext.java:124)
	at org.springframework.test.context.support.DependencyInjectionTestExecutionListener.injectDependencies(DependencyInjectionTestExecutionListener.java:118)
	at org.springframework.test.context.support.DependencyInjectionTestExecutionListener.prepareTestInstance(DependencyInjectionTestExecutionListener.java:83)
	at org.springframework.boot.test.autoconfigure.SpringBootDependencyInjectionTestExecutionListener.prepareTestInstance(SpringBootDependencyInjectionTestExecutionListener.java:43)
	at org.springframework.test.context.TestContextManager.prepareTestInstance(TestContextManager.java:244)
	at org.springframework.test.context.junit4.SpringJUnit4ClassRunner.createTest(SpringJUnit4ClassRunner.java:227)
	at org.springframework.test.context.junit4.SpringJUnit4ClassRunner$1.runReflectiveCall(SpringJUnit4ClassRunner.java:289)
	at org.junit.internal.runners.model.ReflectiveCallable.run(ReflectiveCallable.java:12)
	at org.springframework.test.context.junit4.SpringJUnit4ClassRunner.methodBlock(SpringJUnit4ClassRunner.java:291)
	at org.springframework.test.context.junit4.SpringJUnit4ClassRunner.runChild(SpringJUnit4ClassRunner.java:246)
	at org.springframework.test.context.junit4.SpringJUnit4ClassRunner.runChild(SpringJUnit4ClassRunner.java:97)
	at org.junit.runners.ParentRunner$4.run(ParentRunner.java:331)
	at org.junit.runners.ParentRunner$1.schedule(ParentRunner.java:79)
	at org.junit.runners.ParentRunner.runChildren(ParentRunner.java:329)
	at org.junit.runners.ParentRunner.access$100(ParentRunner.java:66)
	at org.junit.runners.ParentRunner$2.evaluate(ParentRunner.java:293)
	at org.springframework.test.context.junit4.statements.RunBeforeTestClassCallbacks.evaluate(RunBeforeTestClassCallbacks.java:61)
	at org.springframework.test.context.junit4.statements.RunAfterTestClassCallbacks.evaluate(RunAfterTestClassCallbacks.java:70)
	at org.junit.runners.ParentRunner$3.evaluate(ParentRunner.java:306)
	at org.junit.runners.ParentRunner.run(ParentRunner.java:413)
	at org.springframework.test.context.junit4.SpringJUnit4ClassRunner.run(SpringJUnit4ClassRunner.java:190)
	at org.apache.maven.surefire.junit4.JUnit4Provider.execute(JUnit4Provider.java:252)
	at org.apache.maven.surefire.junit4.JUnit4Provider.executeTestSet(JUnit4Provider.java:141)
	at org.apache.maven.surefire.junit4.JUnit4Provider.invoke(JUnit4Provider.java:112)
	at java.base/jdk.internal.reflect.NativeMethodAccessorImpl.invoke0(Native Method)
	at java.base/jdk.internal.reflect.NativeMethodAccessorImpl.invoke(NativeMethodAccessorImpl.java:62)
	at java.base/jdk.internal.reflect.DelegatingMethodAccessorImpl.invoke(DelegatingMethodAccessorImpl.java:43)
	at java.base/java.lang.reflect.Method.invoke(Method.java:566)
	at org.apache.maven.surefire.util.ReflectionUtils.invokeMethodWithArray(ReflectionUtils.java:189)
	at org.apache.maven.surefire.booter.ProviderFactory$ProviderProxy.invoke(ProviderFactory.java:165)
	at org.apache.maven.surefire.booter.ProviderFactory.invokeProvider(ProviderFactory.java:85)
	at org.apache.maven.surefire.booter.ForkedBooter.runSuitesInProcess(ForkedBooter.java:115)
	at org.apache.maven.surefire.booter.ForkedBooter.main(ForkedBooter.java:75)
Caused by: org.springframework.beans.factory.UnsatisfiedDependencyException: Error creating bean with name &apos;camundaBpmRestInitializer&apos; defined in class path resource [org/camunda/bpm/spring/boot/starter/rest/CamundaBpmRestJerseyAutoConfiguration.class]: Unsatisfied dependency expressed through method &apos;camundaBpmRestInitializer&apos; parameter 0; nested exception is org.springframework.beans.factory.NoSuchBeanDefinitionException: No qualifying bean of type &apos;org.springframework.boot.autoconfigure.web.servlet.JerseyApplicationPath&apos; available: expected at least 1 bean which qualifies as autowire candidate. Dependency annotations: {}
	at org.springframework.beans.factory.support.ConstructorResolver.createArgumentArray(ConstructorResolver.java:800)
	at org.springframework.beans.factory.support.ConstructorResolver.instantiateUsingFactoryMethod(ConstructorResolver.java:541)
	at org.springframework.beans.factory.support.AbstractAutowireCapableBeanFactory.instantiateUsingFactoryMethod(AbstractAutowireCapableBeanFactory.java:1334)
	at org.springframework.beans.factory.support.AbstractAutowireCapableBeanFactory.createBeanInstance(AbstractAutowireCapableBeanFactory.java:1177)
	at org.springframework.beans.factory.support.AbstractAutowireCapableBeanFactory.doCreateBean(AbstractAutowireCapableBeanFactory.java:564)
	at org.springframework.beans.factory.support.AbstractAutowireCapableBeanFactory.createBean(AbstractAutowireCapableBeanFactory.java:524)
	at org.springframework.beans.factory.support.AbstractBeanFactory.lambda$doGetBean$0(AbstractBeanFactory.java:335)
	at org.springframework.beans.factory.support.DefaultSingletonBeanRegistry.getSingleton(DefaultSingletonBeanRegistry.java:234)
	at org.springframework.beans.factory.support.AbstractBeanFactory.doGetBean(AbstractBeanFactory.java:333)
	at org.springframework.beans.factory.support.AbstractBeanFactory.getBean(AbstractBeanFactory.java:208)
	at org.springframework.beans.factory.support.DefaultListableBeanFactory.preInstantiateSingletons(DefaultListableBeanFactory.java:944)
	at org.springframework.context.support.AbstractApplicationContext.finishBeanFactoryInitialization(AbstractApplicationContext.java:918)
	at org.springframework.context.support.AbstractApplicationContext.refresh(AbstractApplicationContext.java:583)
	at org.springframework.boot.SpringApplication.refresh(SpringApplication.java:754)
	at org.springframework.boot.SpringApplication.refreshContext(SpringApplication.java:434)
	at org.springframework.boot.SpringApplication.run(SpringApplication.java:338)
	at org.springframework.boot.test.context.SpringBootContextLoader.loadContext(SpringBootContextLoader.java:123)
	at org.springframework.test.context.cache.DefaultCacheAwareContextLoaderDelegate.loadContextInternal(DefaultCacheAwareContextLoaderDelegate.java:99)
	at org.springframework.test.context.cache.DefaultCacheAwareContextLoaderDelegate.loadContext(DefaultCacheAwareContextLoaderDelegate.java:124)
	... 33 common frames omitted
Caused by: org.springframework.beans.factory.NoSuchBeanDefinitionException: No qualifying bean of type &apos;org.springframework.boot.autoconfigure.web.servlet.JerseyApplicationPath&apos; available: expected at least 1 bean which qualifies as autowire candidate. Dependency annotations: {}
	at org.springframework.beans.factory.support.DefaultListableBeanFactory.raiseNoMatchingBeanFound(DefaultListableBeanFactory.java:1790)
	at org.springframework.beans.factory.support.DefaultListableBeanFactory.doResolveDependency(DefaultListableBeanFactory.java:1346)
	at org.springframework.beans.factory.support.DefaultListableBeanFactory.resolveDependency(DefaultListableBeanFactory.java:1300)
	at org.springframework.beans.factory.support.ConstructorResolver.resolveAutowiredArgument(ConstructorResolver.java:887)
	at org.springframework.beans.factory.support.ConstructorResolver.createArgumentArray(ConstructorResolver.java:791)
	... 51 common frames omitted
</system-out>
  </testcase>
</testsuite>